<html xmlns:math="http://exslt.org/math" xmlns:testng="http://testng.org">
   <head>
      <title>TestNG Results</title>
      <meta http-equiv="content-type" content="text/html; charset=utf-8"></meta>
      <meta http-equiv="pragma" content="no-cache"></meta>
      <meta http-equiv="cache-control" content="max-age=0"></meta>
      <meta http-equiv="cache-control" content="no-cache"></meta>
      <meta http-equiv="cache-control" content="no-store"></meta>
      <LINK rel="stylesheet" href="style.css"></LINK>
      <script type="text/javascript" src="main.js"></script>
   </head>
   <body>
      <table width="100%" style="font-size: 16px; margin-bottom: 10px;" cellspacing="1">
         <tr>
            <td width="100%">
               All methods in suite
               
               <b>Default suite</b>
            </td>
            <td style="background-color: #FFBBBB; padding: 3px 3px 3px 0;" align="center">
               <div style="width: 50px;">4</div>
            </td>
            <td style="background-color: lightgreen; padding: 3px 3px 3px 0;" align="center">
               <div style="width: 50px;">5</div>
            </td>
            <td style="background-color: #FFFFBB; padding: 3px 3px 3px 0;" align="center">
               <div style="width: 50px;">0</div>
            </td>
            <td align="center" style="background-color: #eaf0f7; padding: 3px 3px 3px 0;">
               <div style="width: 50px;">9</div>
            </td>
            <td align="center"
                style="font-weight: bold; background-color: #eaf0f7; padding: 3px 3px 3px 0;">
               <div style="width: 50px;">56%</div>
            </td>
            <td style="background-color: #eaf0f7; padding: 3px 3px 3px 0;" align="center"
                nowrap="true">15m
               51s
               
            </td>
         </tr>
      </table>
      <div style="width: 200px;">
         <label for="groupMethodsCheckBox" style="font-weight: bold; margin: 0;">
            <input id="groupMethodsCheckBox" type="checkbox" onclick="switchTestMethodsView(this)"
                   checked=""></input>
            Group by class
            
         </label>
         <br></br>
         <label for="methodsFilter_ALL" style="font-weight: bold; margin: 0;">
            <input id="methodsFilter_ALL" type="checkbox"
                   onclick="testMethodsFilterChanged(this, 'ALL')"
                   checked=""></input>
            All
            
         </label>
      </div>
      <label for="methodsFilter_FAIL" style="margin-left: 20px;">
         <input id="methodsFilter_FAIL" type="checkbox"
                onclick="testMethodsFilterChanged(this, 'FAIL')"
                checked=""></input>
         Failed
         
      </label>
      <label for="methodsFilter_PASS">
         <input id="methodsFilter_PASS" type="checkbox"
                onclick="testMethodsFilterChanged(this, 'PASS')"
                checked=""></input>
         Passed
         
      </label>
      <label for="methodsFilter_SKIP">
         <input id="methodsFilter_SKIP" type="checkbox"
                onclick="testMethodsFilterChanged(this, 'SKIP')"
                checked=""></input>
         Skipped
         
      </label>
      <label for="methodsFilter_CONF">
         <input id="methodsFilter_CONF" type="checkbox"
                onclick="testMethodsFilterChanged(this, 'CONF')"
                checked=""></input>
         Config
         
      </label>
      <br></br>
      <div id="testMethodsByStatus" style="display: none;">
         <table class="testMethodsTable" cellpadding="0" cellspacing="0">
            <tr class="methodsTableHeader">
               <td width="100%">Name</td>
               <td nowrap="true">Started</td>
               <td nowrap="true">Duration</td>
               <td>Exception</td>
            </tr>
            <tr id="test_report.BasicSearch_Veirfy_Search_Major_MinorRecords_WithDB_OfferType_Count_byStatus_failed_FAIL1_row"
                class="testMethodStatusFAIL">
               <td width="100%" class="firstMethodCell">
                  <a onclick="toggleDetailsVisibility('test_report.BasicSearch_Veirfy_Search_Major_MinorRecords_WithDB_OfferType_Count_byStatus_failed_FAIL1_details')">OfferType_Count()</a>
               </td>
               <td nowrap="true">01:01:03</td>
               <td nowrap="true" align="right">1m
                  25s
                  
               </td>
               <td nowrap="true">
                  <a onclick="toggleDetailsVisibility('test_report.BasicSearch_Veirfy_Search_Major_MinorRecords_WithDB_OfferType_Count_byStatus_failed_FAIL1_exception')">org.openqa.selenium.NoSuchElementException: 
                     Unable to locate element: /html/body/app-root/app-main/div/main/div[2]/div[2]/app-search-result/app-ato-list/div/div[2]/table/tbody
                     For documentation on this error, please visit: http://seleniumhq.org/exceptions/no_such_element.html
                     Build info: version: '3.14.0', revision: 'aacccce0', time: '2018-08-02T20:05:20.749Z'
                     System info: host: 'SHIWASIN-T5X72', ip: '10.65.55.4', os.name: 'Windows 10', os.arch: 'amd64', os.version: '10.0', java.version:
                     '1.8.0_181'
                     Driver info: org.openqa.selenium.firefox.FirefoxDriver
                     Capabilities {acceptInsecureCerts: true, browserName: firefox, browserVersion: 59.0.2, javascriptEnabled: true, moz:accessibilityChecks:
                     false, moz:headless: false, moz:processID: 12284, moz:profile: C:\Users\shiwasin.PARTNERS\..., moz:useNonSpecCompliantPointerOrigin:
                     false, moz:webdriverClick: true, pageLoadStrategy: normal, platform: XP, platformName: XP, platformVersion: 10.0, rotatable:
                     false, timeouts: {implicit: 0, pageLoad: 300000, script: 30000}}
                     Session ID: b8bcc044-a86a-4ae1-8e66-b431be6ad17c
                     *** Element info: {Using=xpath, value=/html/body/app-root/app-main/div/main/div[2]/div[2]/app-search-result/app-ato-list/div/div[2]/table/tbody}
                     
                  </a>
                   
                  
               </td>
            </tr>
            <tr>
               <td colspan="4" class="detailsBox">
                  <div id="test_report.BasicSearch_Veirfy_Search_Major_MinorRecords_WithDB_OfferType_Count_byStatus_failed_FAIL1_details"
                       class="testMethodDetails">
                     <div>
                        <b>Name: </b>OfferType_Count
                     </div>
                     <div>
                        <b>Signature: </b>OfferType_Count()[pri:0, instance:test_report.BasicSearch_Veirfy_Search_Major_MinorRecords_WithDB@6fffcba5]
                     </div>
                     <div>
                        <b>Start time: </b>01:01:03
                     </div>
                     <div>
                        <b>End time: </b>01:02:29
                     </div>
                     <div>
                        <b>Duration: </b>1m
                        25s
                        
                     </div>
                  </div>
               </td>
            </tr>
            <tr>
               <td colspan="4" class="detailsBox">
                  <div id="test_report.BasicSearch_Veirfy_Search_Major_MinorRecords_WithDB_OfferType_Count_byStatus_failed_FAIL1_exception"
                       class="testMethodDetails">
                     <pre style="padding: 5px; margin: 0;">org.openqa.selenium.NoSuchElementException: Unable to locate element: /html/body/app-root/app-main/div/main/div[2]/div[2]/app-search-result/app-ato-list/div/div[2]/table/tbody
                        For documentation on this error, please visit: http://seleniumhq.org/exceptions/no_such_element.html
                        Build info: version: '3.14.0', revision: 'aacccce0', time: '2018-08-02T20:05:20.749Z'
                        System info: host: 'SHIWASIN-T5X72', ip: '10.65.55.4', os.name: 'Windows 10', os.arch: 'amd64', os.version: '10.0', java.version:
                        '1.8.0_181'
                        Driver info: org.openqa.selenium.firefox.FirefoxDriver
                        Capabilities {acceptInsecureCerts: true, browserName: firefox, browserVersion: 59.0.2, javascriptEnabled: true, moz:accessibilityChecks:
                        false, moz:headless: false, moz:processID: 12284, moz:profile: C:\Users\shiwasin.PARTNERS\..., moz:useNonSpecCompliantPointerOrigin:
                        false, moz:webdriverClick: true, pageLoadStrategy: normal, platform: XP, platformName: XP, platformVersion: 10.0, rotatable:
                        false, timeouts: {implicit: 0, pageLoad: 300000, script: 30000}}
                        Session ID: b8bcc044-a86a-4ae1-8e66-b431be6ad17c
                        *** Element info: {Using=xpath, value=/html/body/app-root/app-main/div/main/div[2]/div[2]/app-search-result/app-ato-list/div/div[2]/table/tbody}
                        	at sun.reflect.NativeConstructorAccessorImpl.newInstance0(Native Method)
                        	at sun.reflect.NativeConstructorAccessorImpl.newInstance(Unknown Source)
                        	at sun.reflect.DelegatingConstructorAccessorImpl.newInstance(Unknown Source)
                        	at java.lang.reflect.Constructor.newInstance(Unknown Source)
                        	at org.openqa.selenium.remote.http.W3CHttpResponseCodec.createException(W3CHttpResponseCodec.java:187)
                        	at org.openqa.selenium.remote.http.W3CHttpResponseCodec.decode(W3CHttpResponseCodec.java:122)
                        	at org.openqa.selenium.remote.http.W3CHttpResponseCodec.decode(W3CHttpResponseCodec.java:49)
                        	at org.openqa.selenium.remote.HttpCommandExecutor.execute(HttpCommandExecutor.java:158)
                        	at org.openqa.selenium.remote.service.DriverCommandExecutor.execute(DriverCommandExecutor.java:83)
                        	at org.openqa.selenium.remote.RemoteWebDriver.execute(RemoteWebDriver.java:548)
                        	at org.openqa.selenium.remote.RemoteWebDriver.findElement(RemoteWebDriver.java:322)
                        	at org.openqa.selenium.remote.RemoteWebDriver.findElementByXPath(RemoteWebDriver.java:424)
                        	at org.openqa.selenium.By$ByXPath.findElement(By.java:353)
                        	at org.openqa.selenium.remote.RemoteWebDriver.findElement(RemoteWebDriver.java:314)
                        	at test_report.BasicSearch_Veirfy_Search_Major_MinorRecords_WithDB.OfferType_Count(BasicSearch_Veirfy_Search_Major_MinorRecords_WithDB.java:391)
                        	at sun.reflect.NativeMethodAccessorImpl.invoke0(Native Method)
                        	at sun.reflect.NativeMethodAccessorImpl.invoke(Unknown Source)
                        	at sun.reflect.DelegatingMethodAccessorImpl.invoke(Unknown Source)
                        	at java.lang.reflect.Method.invoke(Unknown Source)
                        	at org.testng.internal.MethodInvocationHelper.invokeMethod(MethodInvocationHelper.java:86)
                        	at org.testng.internal.Invoker.invokeMethod(Invoker.java:645)
                        	at org.testng.internal.Invoker.invokeTestMethod(Invoker.java:822)
                        	at org.testng.internal.Invoker.invokeTestMethods(Invoker.java:1130)
                        	at org.testng.internal.TestMethodWorker.invokeTestMethods(TestMethodWorker.java:129)
                        	at org.testng.internal.TestMethodWorker.run(TestMethodWorker.java:112)
                        	at org.testng.TestRunner.privateRun(TestRunner.java:782)
                        	at org.testng.TestRunner.run(TestRunner.java:632)
                        	at org.testng.SuiteRunner.runTest(SuiteRunner.java:366)
                        	at org.testng.SuiteRunner.runSequentially(SuiteRunner.java:361)
                        	at org.testng.SuiteRunner.privateRun(SuiteRunner.java:319)
                        	at org.testng.SuiteRunner.run(SuiteRunner.java:268)
                        	at org.testng.SuiteRunnerWorker.runSuite(SuiteRunnerWorker.java:52)
                        	at org.testng.SuiteRunnerWorker.run(SuiteRunnerWorker.java:86)
                        	at org.testng.TestNG.runSuitesSequentially(TestNG.java:1244)
                        	at org.testng.TestNG.runSuitesLocally(TestNG.java:1169)
                        	at org.testng.TestNG.run(TestNG.java:1064)
                        	at org.testng.remote.RemoteTestNG.run(RemoteTestNG.java:113)
                        	at org.testng.remote.RemoteTestNG.initAndRun(RemoteTestNG.java:206)
                        	at org.testng.remote.RemoteTestNG.main(RemoteTestNG.java:177)
                     </pre>
                  </div>
               </td>
            </tr>
            <tr id="test_report.BasicSearch_Veirfy_Search_Major_MinorRecords_WithDB_Search_byOfferType_byStatus_failed_FAIL2_row"
                class="testMethodStatusFAIL">
               <td width="100%" class="firstMethodCell">
                  <a onclick="toggleDetailsVisibility('test_report.BasicSearch_Veirfy_Search_Major_MinorRecords_WithDB_Search_byOfferType_byStatus_failed_FAIL2_details')">Search_byOfferType()</a>
               </td>
               <td nowrap="true">01:04:25</td>
               <td nowrap="true" align="right">2m
                  10s
                  
               </td>
               <td nowrap="true">
                  <a onclick="toggleDetailsVisibility('test_report.BasicSearch_Veirfy_Search_Major_MinorRecords_WithDB_Search_byOfferType_byStatus_failed_FAIL2_exception')">org.openqa.selenium.NoSuchElementException: 
                     Unable to locate element: /html/body/app-root/app-main/div/main/div[2]/div[2]/app-search-result/app-ato-list/div/div[2]/table/tbody/tr[1]/td[8]/div
                     For documentation on this error, please visit: http://seleniumhq.org/exceptions/no_such_element.html
                     Build info: version: '3.14.0', revision: 'aacccce0', time: '2018-08-02T20:05:20.749Z'
                     System info: host: 'SHIWASIN-T5X72', ip: '10.65.55.4', os.name: 'Windows 10', os.arch: 'amd64', os.version: '10.0', java.version:
                     '1.8.0_181'
                     Driver info: org.openqa.selenium.firefox.FirefoxDriver
                     Capabilities {acceptInsecureCerts: true, browserName: firefox, browserVersion: 59.0.2, javascriptEnabled: true, moz:accessibilityChecks:
                     false, moz:headless: false, moz:processID: 24844, moz:profile: C:\Users\shiwasin.PARTNERS\..., moz:useNonSpecCompliantPointerOrigin:
                     false, moz:webdriverClick: true, pageLoadStrategy: normal, platform: XP, platformName: XP, platformVersion: 10.0, rotatable:
                     false, timeouts: {implicit: 0, pageLoad: 300000, script: 30000}}
                     Session ID: 10447b9b-0d52-49d5-bfd5-8545bee76c1a
                     *** Element info: {Using=xpath, value=/html/body/app-root/app-main/div/main/div[2]/div[2]/app-search-result/app-ato-list/div/div[2]/table/tbody/tr[1]/td[8]/div}
                     
                  </a>
                   
                  
               </td>
            </tr>
            <tr>
               <td colspan="4" class="detailsBox">
                  <div id="test_report.BasicSearch_Veirfy_Search_Major_MinorRecords_WithDB_Search_byOfferType_byStatus_failed_FAIL2_details"
                       class="testMethodDetails">
                     <div>
                        <b>Name: </b>Search_byOfferType
                     </div>
                     <div>
                        <b>Signature: </b>Search_byOfferType()[pri:0, instance:test_report.BasicSearch_Veirfy_Search_Major_MinorRecords_WithDB@6fffcba5]
                     </div>
                     <div>
                        <b>Start time: </b>01:04:25
                     </div>
                     <div>
                        <b>End time: </b>01:06:36
                     </div>
                     <div>
                        <b>Duration: </b>2m
                        10s
                        
                     </div>
                  </div>
               </td>
            </tr>
            <tr>
               <td colspan="4" class="detailsBox">
                  <div id="test_report.BasicSearch_Veirfy_Search_Major_MinorRecords_WithDB_Search_byOfferType_byStatus_failed_FAIL2_exception"
                       class="testMethodDetails">
                     <pre style="padding: 5px; margin: 0;">org.openqa.selenium.NoSuchElementException: Unable to locate element: /html/body/app-root/app-main/div/main/div[2]/div[2]/app-search-result/app-ato-list/div/div[2]/table/tbody/tr[1]/td[8]/div
                        For documentation on this error, please visit: http://seleniumhq.org/exceptions/no_such_element.html
                        Build info: version: '3.14.0', revision: 'aacccce0', time: '2018-08-02T20:05:20.749Z'
                        System info: host: 'SHIWASIN-T5X72', ip: '10.65.55.4', os.name: 'Windows 10', os.arch: 'amd64', os.version: '10.0', java.version:
                        '1.8.0_181'
                        Driver info: org.openqa.selenium.firefox.FirefoxDriver
                        Capabilities {acceptInsecureCerts: true, browserName: firefox, browserVersion: 59.0.2, javascriptEnabled: true, moz:accessibilityChecks:
                        false, moz:headless: false, moz:processID: 24844, moz:profile: C:\Users\shiwasin.PARTNERS\..., moz:useNonSpecCompliantPointerOrigin:
                        false, moz:webdriverClick: true, pageLoadStrategy: normal, platform: XP, platformName: XP, platformVersion: 10.0, rotatable:
                        false, timeouts: {implicit: 0, pageLoad: 300000, script: 30000}}
                        Session ID: 10447b9b-0d52-49d5-bfd5-8545bee76c1a
                        *** Element info: {Using=xpath, value=/html/body/app-root/app-main/div/main/div[2]/div[2]/app-search-result/app-ato-list/div/div[2]/table/tbody/tr[1]/td[8]/div}
                        	at sun.reflect.NativeConstructorAccessorImpl.newInstance0(Native Method)
                        	at sun.reflect.NativeConstructorAccessorImpl.newInstance(Unknown Source)
                        	at sun.reflect.DelegatingConstructorAccessorImpl.newInstance(Unknown Source)
                        	at java.lang.reflect.Constructor.newInstance(Unknown Source)
                        	at org.openqa.selenium.remote.http.W3CHttpResponseCodec.createException(W3CHttpResponseCodec.java:187)
                        	at org.openqa.selenium.remote.http.W3CHttpResponseCodec.decode(W3CHttpResponseCodec.java:122)
                        	at org.openqa.selenium.remote.http.W3CHttpResponseCodec.decode(W3CHttpResponseCodec.java:49)
                        	at org.openqa.selenium.remote.HttpCommandExecutor.execute(HttpCommandExecutor.java:158)
                        	at org.openqa.selenium.remote.service.DriverCommandExecutor.execute(DriverCommandExecutor.java:83)
                        	at org.openqa.selenium.remote.RemoteWebDriver.execute(RemoteWebDriver.java:548)
                        	at org.openqa.selenium.remote.RemoteWebDriver.findElement(RemoteWebDriver.java:322)
                        	at org.openqa.selenium.remote.RemoteWebDriver.findElementByXPath(RemoteWebDriver.java:424)
                        	at org.openqa.selenium.By$ByXPath.findElement(By.java:353)
                        	at org.openqa.selenium.remote.RemoteWebDriver.findElement(RemoteWebDriver.java:314)
                        	at test_report.BasicSearch_Veirfy_Search_Major_MinorRecords_WithDB.Search_byOfferType(BasicSearch_Veirfy_Search_Major_MinorRecords_WithDB.java:173)
                        	at sun.reflect.NativeMethodAccessorImpl.invoke0(Native Method)
                        	at sun.reflect.NativeMethodAccessorImpl.invoke(Unknown Source)
                        	at sun.reflect.DelegatingMethodAccessorImpl.invoke(Unknown Source)
                        	at java.lang.reflect.Method.invoke(Unknown Source)
                        	at org.testng.internal.MethodInvocationHelper.invokeMethod(MethodInvocationHelper.java:86)
                        	at org.testng.internal.Invoker.invokeMethod(Invoker.java:645)
                        	at org.testng.internal.Invoker.invokeTestMethod(Invoker.java:822)
                        	at org.testng.internal.Invoker.invokeTestMethods(Invoker.java:1130)
                        	at org.testng.internal.TestMethodWorker.invokeTestMethods(TestMethodWorker.java:129)
                        	at org.testng.internal.TestMethodWorker.run(TestMethodWorker.java:112)
                        	at org.testng.TestRunner.privateRun(TestRunner.java:782)
                        	at org.testng.TestRunner.run(TestRunner.java:632)
                        	at org.testng.SuiteRunner.runTest(SuiteRunner.java:366)
                        	at org.testng.SuiteRunner.runSequentially(SuiteRunner.java:361)
                        	at org.testng.SuiteRunner.privateRun(SuiteRunner.java:319)
                        	at org.testng.SuiteRunner.run(SuiteRunner.java:268)
                        	at org.testng.SuiteRunnerWorker.runSuite(SuiteRunnerWorker.java:52)
                        	at org.testng.SuiteRunnerWorker.run(SuiteRunnerWorker.java:86)
                        	at org.testng.TestNG.runSuitesSequentially(TestNG.java:1244)
                        	at org.testng.TestNG.runSuitesLocally(TestNG.java:1169)
                        	at org.testng.TestNG.run(TestNG.java:1064)
                        	at org.testng.remote.RemoteTestNG.run(RemoteTestNG.java:113)
                        	at org.testng.remote.RemoteTestNG.initAndRun(RemoteTestNG.java:206)
                        	at org.testng.remote.RemoteTestNG.main(RemoteTestNG.java:177)
                     </pre>
                  </div>
               </td>
            </tr>
            <tr id="test_report.BasicSearch_Veirfy_Search_Major_MinorRecords_WithDB_Search_byPF_Count_byStatus_failed_FAIL3_row"
                class="testMethodStatusFAIL">
               <td width="100%" class="firstMethodCell">
                  <a onclick="toggleDetailsVisibility('test_report.BasicSearch_Veirfy_Search_Major_MinorRecords_WithDB_Search_byPF_Count_byStatus_failed_FAIL3_details')">Search_byPF_Count()</a>
               </td>
               <td nowrap="true">01:08:35</td>
               <td nowrap="true" align="right">1m
                  28s
                  
               </td>
               <td nowrap="true">
                  <a onclick="toggleDetailsVisibility('test_report.BasicSearch_Veirfy_Search_Major_MinorRecords_WithDB_Search_byPF_Count_byStatus_failed_FAIL3_exception')">org.openqa.selenium.NoSuchElementException: 
                     Unable to locate element: /html/body/app-root/app-main/div/main/div[2]/div[2]/app-search-result/app-ato-list/div/div[2]/table/tbody
                     For documentation on this error, please visit: http://seleniumhq.org/exceptions/no_such_element.html
                     Build info: version: '3.14.0', revision: 'aacccce0', time: '2018-08-02T20:05:20.749Z'
                     System info: host: 'SHIWASIN-T5X72', ip: '10.65.55.4', os.name: 'Windows 10', os.arch: 'amd64', os.version: '10.0', java.version:
                     '1.8.0_181'
                     Driver info: org.openqa.selenium.firefox.FirefoxDriver
                     Capabilities {acceptInsecureCerts: true, browserName: firefox, browserVersion: 59.0.2, javascriptEnabled: true, moz:accessibilityChecks:
                     false, moz:headless: false, moz:processID: 5256, moz:profile: C:\Users\shiwasin.PARTNERS\..., moz:useNonSpecCompliantPointerOrigin:
                     false, moz:webdriverClick: true, pageLoadStrategy: normal, platform: XP, platformName: XP, platformVersion: 10.0, rotatable:
                     false, timeouts: {implicit: 0, pageLoad: 300000, script: 30000}}
                     Session ID: 72c219c0-14e0-45b7-9bce-b9812b258f29
                     *** Element info: {Using=xpath, value=/html/body/app-root/app-main/div/main/div[2]/div[2]/app-search-result/app-ato-list/div/div[2]/table/tbody}
                     
                  </a>
                   
                  
               </td>
            </tr>
            <tr>
               <td colspan="4" class="detailsBox">
                  <div id="test_report.BasicSearch_Veirfy_Search_Major_MinorRecords_WithDB_Search_byPF_Count_byStatus_failed_FAIL3_details"
                       class="testMethodDetails">
                     <div>
                        <b>Name: </b>Search_byPF_Count
                     </div>
                     <div>
                        <b>Signature: </b>Search_byPF_Count()[pri:0, instance:test_report.BasicSearch_Veirfy_Search_Major_MinorRecords_WithDB@6fffcba5]
                     </div>
                     <div>
                        <b>Start time: </b>01:08:35
                     </div>
                     <div>
                        <b>End time: </b>01:10:04
                     </div>
                     <div>
                        <b>Duration: </b>1m
                        28s
                        
                     </div>
                  </div>
               </td>
            </tr>
            <tr>
               <td colspan="4" class="detailsBox">
                  <div id="test_report.BasicSearch_Veirfy_Search_Major_MinorRecords_WithDB_Search_byPF_Count_byStatus_failed_FAIL3_exception"
                       class="testMethodDetails">
                     <pre style="padding: 5px; margin: 0;">org.openqa.selenium.NoSuchElementException: Unable to locate element: /html/body/app-root/app-main/div/main/div[2]/div[2]/app-search-result/app-ato-list/div/div[2]/table/tbody
                        For documentation on this error, please visit: http://seleniumhq.org/exceptions/no_such_element.html
                        Build info: version: '3.14.0', revision: 'aacccce0', time: '2018-08-02T20:05:20.749Z'
                        System info: host: 'SHIWASIN-T5X72', ip: '10.65.55.4', os.name: 'Windows 10', os.arch: 'amd64', os.version: '10.0', java.version:
                        '1.8.0_181'
                        Driver info: org.openqa.selenium.firefox.FirefoxDriver
                        Capabilities {acceptInsecureCerts: true, browserName: firefox, browserVersion: 59.0.2, javascriptEnabled: true, moz:accessibilityChecks:
                        false, moz:headless: false, moz:processID: 5256, moz:profile: C:\Users\shiwasin.PARTNERS\..., moz:useNonSpecCompliantPointerOrigin:
                        false, moz:webdriverClick: true, pageLoadStrategy: normal, platform: XP, platformName: XP, platformVersion: 10.0, rotatable:
                        false, timeouts: {implicit: 0, pageLoad: 300000, script: 30000}}
                        Session ID: 72c219c0-14e0-45b7-9bce-b9812b258f29
                        *** Element info: {Using=xpath, value=/html/body/app-root/app-main/div/main/div[2]/div[2]/app-search-result/app-ato-list/div/div[2]/table/tbody}
                        	at sun.reflect.NativeConstructorAccessorImpl.newInstance0(Native Method)
                        	at sun.reflect.NativeConstructorAccessorImpl.newInstance(Unknown Source)
                        	at sun.reflect.DelegatingConstructorAccessorImpl.newInstance(Unknown Source)
                        	at java.lang.reflect.Constructor.newInstance(Unknown Source)
                        	at org.openqa.selenium.remote.http.W3CHttpResponseCodec.createException(W3CHttpResponseCodec.java:187)
                        	at org.openqa.selenium.remote.http.W3CHttpResponseCodec.decode(W3CHttpResponseCodec.java:122)
                        	at org.openqa.selenium.remote.http.W3CHttpResponseCodec.decode(W3CHttpResponseCodec.java:49)
                        	at org.openqa.selenium.remote.HttpCommandExecutor.execute(HttpCommandExecutor.java:158)
                        	at org.openqa.selenium.remote.service.DriverCommandExecutor.execute(DriverCommandExecutor.java:83)
                        	at org.openqa.selenium.remote.RemoteWebDriver.execute(RemoteWebDriver.java:548)
                        	at org.openqa.selenium.remote.RemoteWebDriver.findElement(RemoteWebDriver.java:322)
                        	at org.openqa.selenium.remote.RemoteWebDriver.findElementByXPath(RemoteWebDriver.java:424)
                        	at org.openqa.selenium.By$ByXPath.findElement(By.java:353)
                        	at org.openqa.selenium.remote.RemoteWebDriver.findElement(RemoteWebDriver.java:314)
                        	at test_report.BasicSearch_Veirfy_Search_Major_MinorRecords_WithDB.Search_byPF_Count(BasicSearch_Veirfy_Search_Major_MinorRecords_WithDB.java:328)
                        	at sun.reflect.NativeMethodAccessorImpl.invoke0(Native Method)
                        	at sun.reflect.NativeMethodAccessorImpl.invoke(Unknown Source)
                        	at sun.reflect.DelegatingMethodAccessorImpl.invoke(Unknown Source)
                        	at java.lang.reflect.Method.invoke(Unknown Source)
                        	at org.testng.internal.MethodInvocationHelper.invokeMethod(MethodInvocationHelper.java:86)
                        	at org.testng.internal.Invoker.invokeMethod(Invoker.java:645)
                        	at org.testng.internal.Invoker.invokeTestMethod(Invoker.java:822)
                        	at org.testng.internal.Invoker.invokeTestMethods(Invoker.java:1130)
                        	at org.testng.internal.TestMethodWorker.invokeTestMethods(TestMethodWorker.java:129)
                        	at org.testng.internal.TestMethodWorker.run(TestMethodWorker.java:112)
                        	at org.testng.TestRunner.privateRun(TestRunner.java:782)
                        	at org.testng.TestRunner.run(TestRunner.java:632)
                        	at org.testng.SuiteRunner.runTest(SuiteRunner.java:366)
                        	at org.testng.SuiteRunner.runSequentially(SuiteRunner.java:361)
                        	at org.testng.SuiteRunner.privateRun(SuiteRunner.java:319)
                        	at org.testng.SuiteRunner.run(SuiteRunner.java:268)
                        	at org.testng.SuiteRunnerWorker.runSuite(SuiteRunnerWorker.java:52)
                        	at org.testng.SuiteRunnerWorker.run(SuiteRunnerWorker.java:86)
                        	at org.testng.TestNG.runSuitesSequentially(TestNG.java:1244)
                        	at org.testng.TestNG.runSuitesLocally(TestNG.java:1169)
                        	at org.testng.TestNG.run(TestNG.java:1064)
                        	at org.testng.remote.RemoteTestNG.run(RemoteTestNG.java:113)
                        	at org.testng.remote.RemoteTestNG.initAndRun(RemoteTestNG.java:206)
                        	at org.testng.remote.RemoteTestNG.main(RemoteTestNG.java:177)
                     </pre>
                  </div>
               </td>
            </tr>
            <tr id="test_report.BasicSearch_Veirfy_Search_Major_MinorRecords_WithDB_Search_count_byCommerceoffer_byStatus_failed_FAIL4_row"
                class="testMethodStatusFAIL">
               <td width="100%" class="firstMethodCell">
                  <a onclick="toggleDetailsVisibility('test_report.BasicSearch_Veirfy_Search_Major_MinorRecords_WithDB_Search_count_byCommerceoffer_byStatus_failed_FAIL4_details')">Search_count_byCommerceoffer()</a>
               </td>
               <td nowrap="true">01:10:04</td>
               <td nowrap="true" align="right">1m
                  24s
                  
               </td>
               <td nowrap="true">
                  <a onclick="toggleDetailsVisibility('test_report.BasicSearch_Veirfy_Search_Major_MinorRecords_WithDB_Search_count_byCommerceoffer_byStatus_failed_FAIL4_exception')">org.openqa.selenium.NoSuchElementException: 
                     Unable to locate element: /html/body/app-root/app-main/div/main/div[2]/div[2]/app-search-result/app-ato-list/div/div[2]/table/tbody
                     For documentation on this error, please visit: http://seleniumhq.org/exceptions/no_such_element.html
                     Build info: version: '3.14.0', revision: 'aacccce0', time: '2018-08-02T20:05:20.749Z'
                     System info: host: 'SHIWASIN-T5X72', ip: '10.65.55.4', os.name: 'Windows 10', os.arch: 'amd64', os.version: '10.0', java.version:
                     '1.8.0_181'
                     Driver info: org.openqa.selenium.firefox.FirefoxDriver
                     Capabilities {acceptInsecureCerts: true, browserName: firefox, browserVersion: 59.0.2, javascriptEnabled: true, moz:accessibilityChecks:
                     false, moz:headless: false, moz:processID: 15056, moz:profile: C:\Users\shiwasin.PARTNERS\..., moz:useNonSpecCompliantPointerOrigin:
                     false, moz:webdriverClick: true, pageLoadStrategy: normal, platform: XP, platformName: XP, platformVersion: 10.0, rotatable:
                     false, timeouts: {implicit: 0, pageLoad: 300000, script: 30000}}
                     Session ID: af37f1fd-16f3-40f8-a06c-ffc75b3fa92d
                     *** Element info: {Using=xpath, value=/html/body/app-root/app-main/div/main/div[2]/div[2]/app-search-result/app-ato-list/div/div[2]/table/tbody}
                     
                  </a>
                   
                  
               </td>
            </tr>
            <tr>
               <td colspan="4" class="detailsBox">
                  <div id="test_report.BasicSearch_Veirfy_Search_Major_MinorRecords_WithDB_Search_count_byCommerceoffer_byStatus_failed_FAIL4_details"
                       class="testMethodDetails">
                     <div>
                        <b>Name: </b>Search_count_byCommerceoffer
                     </div>
                     <div>
                        <b>Signature: </b>Search_count_byCommerceoffer()[pri:0, instance:test_report.BasicSearch_Veirfy_Search_Major_MinorRecords_WithDB@6fffcba5]
                     </div>
                     <div>
                        <b>Start time: </b>01:10:04
                     </div>
                     <div>
                        <b>End time: </b>01:11:28
                     </div>
                     <div>
                        <b>Duration: </b>1m
                        24s
                        
                     </div>
                  </div>
               </td>
            </tr>
            <tr>
               <td colspan="4" class="detailsBox">
                  <div id="test_report.BasicSearch_Veirfy_Search_Major_MinorRecords_WithDB_Search_count_byCommerceoffer_byStatus_failed_FAIL4_exception"
                       class="testMethodDetails">
                     <pre style="padding: 5px; margin: 0;">org.openqa.selenium.NoSuchElementException: Unable to locate element: /html/body/app-root/app-main/div/main/div[2]/div[2]/app-search-result/app-ato-list/div/div[2]/table/tbody
                        For documentation on this error, please visit: http://seleniumhq.org/exceptions/no_such_element.html
                        Build info: version: '3.14.0', revision: 'aacccce0', time: '2018-08-02T20:05:20.749Z'
                        System info: host: 'SHIWASIN-T5X72', ip: '10.65.55.4', os.name: 'Windows 10', os.arch: 'amd64', os.version: '10.0', java.version:
                        '1.8.0_181'
                        Driver info: org.openqa.selenium.firefox.FirefoxDriver
                        Capabilities {acceptInsecureCerts: true, browserName: firefox, browserVersion: 59.0.2, javascriptEnabled: true, moz:accessibilityChecks:
                        false, moz:headless: false, moz:processID: 15056, moz:profile: C:\Users\shiwasin.PARTNERS\..., moz:useNonSpecCompliantPointerOrigin:
                        false, moz:webdriverClick: true, pageLoadStrategy: normal, platform: XP, platformName: XP, platformVersion: 10.0, rotatable:
                        false, timeouts: {implicit: 0, pageLoad: 300000, script: 30000}}
                        Session ID: af37f1fd-16f3-40f8-a06c-ffc75b3fa92d
                        *** Element info: {Using=xpath, value=/html/body/app-root/app-main/div/main/div[2]/div[2]/app-search-result/app-ato-list/div/div[2]/table/tbody}
                        	at sun.reflect.NativeConstructorAccessorImpl.newInstance0(Native Method)
                        	at sun.reflect.NativeConstructorAccessorImpl.newInstance(Unknown Source)
                        	at sun.reflect.DelegatingConstructorAccessorImpl.newInstance(Unknown Source)
                        	at java.lang.reflect.Constructor.newInstance(Unknown Source)
                        	at org.openqa.selenium.remote.http.W3CHttpResponseCodec.createException(W3CHttpResponseCodec.java:187)
                        	at org.openqa.selenium.remote.http.W3CHttpResponseCodec.decode(W3CHttpResponseCodec.java:122)
                        	at org.openqa.selenium.remote.http.W3CHttpResponseCodec.decode(W3CHttpResponseCodec.java:49)
                        	at org.openqa.selenium.remote.HttpCommandExecutor.execute(HttpCommandExecutor.java:158)
                        	at org.openqa.selenium.remote.service.DriverCommandExecutor.execute(DriverCommandExecutor.java:83)
                        	at org.openqa.selenium.remote.RemoteWebDriver.execute(RemoteWebDriver.java:548)
                        	at org.openqa.selenium.remote.RemoteWebDriver.findElement(RemoteWebDriver.java:322)
                        	at org.openqa.selenium.remote.RemoteWebDriver.findElementByXPath(RemoteWebDriver.java:424)
                        	at org.openqa.selenium.By$ByXPath.findElement(By.java:353)
                        	at org.openqa.selenium.remote.RemoteWebDriver.findElement(RemoteWebDriver.java:314)
                        	at test_report.BasicSearch_Veirfy_Search_Major_MinorRecords_WithDB.Search_count_byCommerceoffer(BasicSearch_Veirfy_Search_Major_MinorRecords_WithDB.java:493)
                        	at sun.reflect.NativeMethodAccessorImpl.invoke0(Native Method)
                        	at sun.reflect.NativeMethodAccessorImpl.invoke(Unknown Source)
                        	at sun.reflect.DelegatingMethodAccessorImpl.invoke(Unknown Source)
                        	at java.lang.reflect.Method.invoke(Unknown Source)
                        	at org.testng.internal.MethodInvocationHelper.invokeMethod(MethodInvocationHelper.java:86)
                        	at org.testng.internal.Invoker.invokeMethod(Invoker.java:645)
                        	at org.testng.internal.Invoker.invokeTestMethod(Invoker.java:822)
                        	at org.testng.internal.Invoker.invokeTestMethods(Invoker.java:1130)
                        	at org.testng.internal.TestMethodWorker.invokeTestMethods(TestMethodWorker.java:129)
                        	at org.testng.internal.TestMethodWorker.run(TestMethodWorker.java:112)
                        	at org.testng.TestRunner.privateRun(TestRunner.java:782)
                        	at org.testng.TestRunner.run(TestRunner.java:632)
                        	at org.testng.SuiteRunner.runTest(SuiteRunner.java:366)
                        	at org.testng.SuiteRunner.runSequentially(SuiteRunner.java:361)
                        	at org.testng.SuiteRunner.privateRun(SuiteRunner.java:319)
                        	at org.testng.SuiteRunner.run(SuiteRunner.java:268)
                        	at org.testng.SuiteRunnerWorker.runSuite(SuiteRunnerWorker.java:52)
                        	at org.testng.SuiteRunnerWorker.run(SuiteRunnerWorker.java:86)
                        	at org.testng.TestNG.runSuitesSequentially(TestNG.java:1244)
                        	at org.testng.TestNG.runSuitesLocally(TestNG.java:1169)
                        	at org.testng.TestNG.run(TestNG.java:1064)
                        	at org.testng.remote.RemoteTestNG.run(RemoteTestNG.java:113)
                        	at org.testng.remote.RemoteTestNG.initAndRun(RemoteTestNG.java:206)
                        	at org.testng.remote.RemoteTestNG.main(RemoteTestNG.java:177)
                     </pre>
                  </div>
               </td>
            </tr>
            <tr id="test_report.BasicSearch_Veirfy_Search_Major_MinorRecords_WithDB_Filter_Value_Should_be_Clear_byStatus_passed_PASS1_row"
                class="testMethodStatusPASS">
               <td width="100%" class="firstMethodCell">
                  <a onclick="toggleDetailsVisibility('test_report.BasicSearch_Veirfy_Search_Major_MinorRecords_WithDB_Filter_Value_Should_be_Clear_byStatus_passed_PASS1_details')">Filter_Value_Should_be_Clear()</a>
               </td>
               <td nowrap="true">00:58:08</td>
               <td nowrap="true" align="right">2m
                  55s
                  
               </td>
               <td nowrap="true">
                   
                  
               </td>
            </tr>
            <tr>
               <td colspan="4" class="detailsBox">
                  <div id="test_report.BasicSearch_Veirfy_Search_Major_MinorRecords_WithDB_Filter_Value_Should_be_Clear_byStatus_passed_PASS1_details"
                       class="testMethodDetails">
                     <div>
                        <b>Name: </b>Filter_Value_Should_be_Clear
                     </div>
                     <div>
                        <b>Signature: </b>Filter_Value_Should_be_Clear()[pri:0, instance:test_report.BasicSearch_Veirfy_Search_Major_MinorRecords_WithDB@6fffcba5]
                     </div>
                     <div>
                        <b>Start time: </b>00:58:08
                     </div>
                     <div>
                        <b>End time: </b>01:01:03
                     </div>
                     <div>
                        <b>Duration: </b>2m
                        55s
                        
                     </div>
                  </div>
               </td>
            </tr>
            <tr></tr>
            <tr id="test_report.BasicSearch_Veirfy_Search_Major_MinorRecords_WithDB_Search_byCommerceOffer_byStatus_passed_PASS2_row"
                class="testMethodStatusPASS">
               <td width="100%" class="firstMethodCell">
                  <a onclick="toggleDetailsVisibility('test_report.BasicSearch_Veirfy_Search_Major_MinorRecords_WithDB_Search_byCommerceOffer_byStatus_passed_PASS2_details')">Search_byCommerceOffer()</a>
               </td>
               <td nowrap="true">01:02:29</td>
               <td nowrap="true" align="right">1m
                  56s
                  
               </td>
               <td nowrap="true">
                   
                  
               </td>
            </tr>
            <tr>
               <td colspan="4" class="detailsBox">
                  <div id="test_report.BasicSearch_Veirfy_Search_Major_MinorRecords_WithDB_Search_byCommerceOffer_byStatus_passed_PASS2_details"
                       class="testMethodDetails">
                     <div>
                        <b>Name: </b>Search_byCommerceOffer
                     </div>
                     <div>
                        <b>Signature: </b>Search_byCommerceOffer()[pri:0, instance:test_report.BasicSearch_Veirfy_Search_Major_MinorRecords_WithDB@6fffcba5]
                     </div>
                     <div>
                        <b>Start time: </b>01:02:29
                     </div>
                     <div>
                        <b>End time: </b>01:04:25
                     </div>
                     <div>
                        <b>Duration: </b>1m
                        56s
                        
                     </div>
                  </div>
               </td>
            </tr>
            <tr></tr>
            <tr id="test_report.BasicSearch_Veirfy_Search_Major_MinorRecords_WithDB_Search_byPF_byStatus_passed_PASS3_row"
                class="testMethodStatusPASS">
               <td width="100%" class="firstMethodCell">
                  <a onclick="toggleDetailsVisibility('test_report.BasicSearch_Veirfy_Search_Major_MinorRecords_WithDB_Search_byPF_byStatus_passed_PASS3_details')">Search_byPF()</a>
               </td>
               <td nowrap="true">01:06:36</td>
               <td nowrap="true" align="right">1m
                  59s
                  
               </td>
               <td nowrap="true">
                   
                  
               </td>
            </tr>
            <tr>
               <td colspan="4" class="detailsBox">
                  <div id="test_report.BasicSearch_Veirfy_Search_Major_MinorRecords_WithDB_Search_byPF_byStatus_passed_PASS3_details"
                       class="testMethodDetails">
                     <div>
                        <b>Name: </b>Search_byPF
                     </div>
                     <div>
                        <b>Signature: </b>Search_byPF()[pri:0, instance:test_report.BasicSearch_Veirfy_Search_Major_MinorRecords_WithDB@6fffcba5]
                     </div>
                     <div>
                        <b>Start time: </b>01:06:36
                     </div>
                     <div>
                        <b>End time: </b>01:08:35
                     </div>
                     <div>
                        <b>Duration: </b>1m
                        59s
                        
                     </div>
                  </div>
               </td>
            </tr>
            <tr></tr>
            <tr id="test_report.BasicSearch_Veirfy_Search_Major_MinorRecords_WithDB_Validate_Minor_Available_Or_Not_byStatus_passed_PASS4_row"
                class="testMethodStatusPASS">
               <td width="100%" class="firstMethodCell">
                  <a onclick="toggleDetailsVisibility('test_report.BasicSearch_Veirfy_Search_Major_MinorRecords_WithDB_Validate_Minor_Available_Or_Not_byStatus_passed_PASS4_details')">Validate_Minor_Available_Or_Not()</a>
               </td>
               <td nowrap="true">01:11:28</td>
               <td nowrap="true" align="right">1m
                  20s
                  
               </td>
               <td nowrap="true">
                   
                  
               </td>
            </tr>
            <tr>
               <td colspan="4" class="detailsBox">
                  <div id="test_report.BasicSearch_Veirfy_Search_Major_MinorRecords_WithDB_Validate_Minor_Available_Or_Not_byStatus_passed_PASS4_details"
                       class="testMethodDetails">
                     <div>
                        <b>Name: </b>Validate_Minor_Available_Or_Not
                     </div>
                     <div>
                        <b>Signature: </b>Validate_Minor_Available_Or_Not()[pri:0, instance:test_report.BasicSearch_Veirfy_Search_Major_MinorRecords_WithDB@6fffcba5]
                     </div>
                     <div>
                        <b>Start time: </b>01:11:28
                     </div>
                     <div>
                        <b>End time: </b>01:12:49
                     </div>
                     <div>
                        <b>Duration: </b>1m
                        20s
                        
                     </div>
                  </div>
               </td>
            </tr>
            <tr></tr>
            <tr id="test_report.BasicSearch_Veirfy_Search_Major_MinorRecords_WithDB_Validate_Subscription_BOM_byStatus_passed_PASS5_row"
                class="testMethodStatusPASS">
               <td width="100%" class="firstMethodCell">
                  <a onclick="toggleDetailsVisibility('test_report.BasicSearch_Veirfy_Search_Major_MinorRecords_WithDB_Validate_Subscription_BOM_byStatus_passed_PASS5_details')">Validate_Subscription_BOM()</a>
               </td>
               <td nowrap="true">01:12:49</td>
               <td nowrap="true" align="right">1m
                  11s
                  
               </td>
               <td nowrap="true">
                   
                  
               </td>
            </tr>
            <tr>
               <td colspan="4" class="detailsBox">
                  <div id="test_report.BasicSearch_Veirfy_Search_Major_MinorRecords_WithDB_Validate_Subscription_BOM_byStatus_passed_PASS5_details"
                       class="testMethodDetails">
                     <div>
                        <b>Name: </b>Validate_Subscription_BOM
                     </div>
                     <div>
                        <b>Signature: </b>Validate_Subscription_BOM()[pri:0, instance:test_report.BasicSearch_Veirfy_Search_Major_MinorRecords_WithDB@6fffcba5]
                     </div>
                     <div>
                        <b>Start time: </b>01:12:49
                     </div>
                     <div>
                        <b>End time: </b>01:14:00
                     </div>
                     <div>
                        <b>Duration: </b>1m
                        11s
                        
                     </div>
                  </div>
               </td>
            </tr>
            <tr></tr>
         </table>
      </div>
      <div id="testMethodsByClass">
         <table class="testMethodsTable" cellpadding="0" cellspacing="0">
            <tr>
               <td colspan="4">
                  <h3 style="display: inline;">test_report.BasicSearch_Veirfy_Search_Major_MinorRecords_WithDB</h3>
               </td>
            </tr>
            <tr class="methodsTableHeader">
               <td width="100%">Name</td>
               <td nowrap="true">Started</td>
               <td nowrap="true">Duration</td>
               <td>Exception</td>
            </tr>
            <tr id="test_report.BasicSearch_Veirfy_Search_Major_MinorRecords_WithDB_Filter_Value_Should_be_Clear_byClass_PASS1_row"
                class="testMethodStatusPASS">
               <td width="100%" class="firstMethodCell">
                  <a onclick="toggleDetailsVisibility('test_report.BasicSearch_Veirfy_Search_Major_MinorRecords_WithDB_Filter_Value_Should_be_Clear_byClass_PASS1_details')">Filter_Value_Should_be_Clear()</a>
               </td>
               <td nowrap="true">00:58:08</td>
               <td nowrap="true" align="right">2m
                  55s
                  
               </td>
               <td nowrap="true">
                   
                  
               </td>
            </tr>
            <tr>
               <td colspan="4" class="detailsBox">
                  <div id="test_report.BasicSearch_Veirfy_Search_Major_MinorRecords_WithDB_Filter_Value_Should_be_Clear_byClass_PASS1_details"
                       class="testMethodDetails">
                     <div>
                        <b>Name: </b>Filter_Value_Should_be_Clear
                     </div>
                     <div>
                        <b>Signature: </b>Filter_Value_Should_be_Clear()[pri:0, instance:test_report.BasicSearch_Veirfy_Search_Major_MinorRecords_WithDB@6fffcba5]
                     </div>
                     <div>
                        <b>Start time: </b>00:58:08
                     </div>
                     <div>
                        <b>End time: </b>01:01:03
                     </div>
                     <div>
                        <b>Duration: </b>2m
                        55s
                        
                     </div>
                  </div>
               </td>
            </tr>
            <tr></tr>
            <tr id="test_report.BasicSearch_Veirfy_Search_Major_MinorRecords_WithDB_OfferType_Count_byClass_FAIL2_row"
                class="testMethodStatusFAIL">
               <td width="100%" class="firstMethodCell">
                  <a onclick="toggleDetailsVisibility('test_report.BasicSearch_Veirfy_Search_Major_MinorRecords_WithDB_OfferType_Count_byClass_FAIL2_details')">OfferType_Count()</a>
               </td>
               <td nowrap="true">01:01:03</td>
               <td nowrap="true" align="right">1m
                  25s
                  
               </td>
               <td nowrap="true">
                  <a onclick="toggleDetailsVisibility('test_report.BasicSearch_Veirfy_Search_Major_MinorRecords_WithDB_OfferType_Count_byClass_FAIL2_exception')">org.openqa.selenium.NoSuchElementException: 
                     Unable to locate element: /html/body/app-root/app-main/div/main/div[2]/div[2]/app-search-result/app-ato-list/div/div[2]/table/tbody
                     For documentation on this error, please visit: http://seleniumhq.org/exceptions/no_such_element.html
                     Build info: version: '3.14.0', revision: 'aacccce0', time: '2018-08-02T20:05:20.749Z'
                     System info: host: 'SHIWASIN-T5X72', ip: '10.65.55.4', os.name: 'Windows 10', os.arch: 'amd64', os.version: '10.0', java.version:
                     '1.8.0_181'
                     Driver info: org.openqa.selenium.firefox.FirefoxDriver
                     Capabilities {acceptInsecureCerts: true, browserName: firefox, browserVersion: 59.0.2, javascriptEnabled: true, moz:accessibilityChecks:
                     false, moz:headless: false, moz:processID: 12284, moz:profile: C:\Users\shiwasin.PARTNERS\..., moz:useNonSpecCompliantPointerOrigin:
                     false, moz:webdriverClick: true, pageLoadStrategy: normal, platform: XP, platformName: XP, platformVersion: 10.0, rotatable:
                     false, timeouts: {implicit: 0, pageLoad: 300000, script: 30000}}
                     Session ID: b8bcc044-a86a-4ae1-8e66-b431be6ad17c
                     *** Element info: {Using=xpath, value=/html/body/app-root/app-main/div/main/div[2]/div[2]/app-search-result/app-ato-list/div/div[2]/table/tbody}
                     
                  </a>
                   
                  
               </td>
            </tr>
            <tr>
               <td colspan="4" class="detailsBox">
                  <div id="test_report.BasicSearch_Veirfy_Search_Major_MinorRecords_WithDB_OfferType_Count_byClass_FAIL2_details"
                       class="testMethodDetails">
                     <div>
                        <b>Name: </b>OfferType_Count
                     </div>
                     <div>
                        <b>Signature: </b>OfferType_Count()[pri:0, instance:test_report.BasicSearch_Veirfy_Search_Major_MinorRecords_WithDB@6fffcba5]
                     </div>
                     <div>
                        <b>Start time: </b>01:01:03
                     </div>
                     <div>
                        <b>End time: </b>01:02:29
                     </div>
                     <div>
                        <b>Duration: </b>1m
                        25s
                        
                     </div>
                  </div>
               </td>
            </tr>
            <tr>
               <td colspan="4" class="detailsBox">
                  <div id="test_report.BasicSearch_Veirfy_Search_Major_MinorRecords_WithDB_OfferType_Count_byClass_FAIL2_exception"
                       class="testMethodDetails">
                     <pre style="padding: 5px; margin: 0;">org.openqa.selenium.NoSuchElementException: Unable to locate element: /html/body/app-root/app-main/div/main/div[2]/div[2]/app-search-result/app-ato-list/div/div[2]/table/tbody
                        For documentation on this error, please visit: http://seleniumhq.org/exceptions/no_such_element.html
                        Build info: version: '3.14.0', revision: 'aacccce0', time: '2018-08-02T20:05:20.749Z'
                        System info: host: 'SHIWASIN-T5X72', ip: '10.65.55.4', os.name: 'Windows 10', os.arch: 'amd64', os.version: '10.0', java.version:
                        '1.8.0_181'
                        Driver info: org.openqa.selenium.firefox.FirefoxDriver
                        Capabilities {acceptInsecureCerts: true, browserName: firefox, browserVersion: 59.0.2, javascriptEnabled: true, moz:accessibilityChecks:
                        false, moz:headless: false, moz:processID: 12284, moz:profile: C:\Users\shiwasin.PARTNERS\..., moz:useNonSpecCompliantPointerOrigin:
                        false, moz:webdriverClick: true, pageLoadStrategy: normal, platform: XP, platformName: XP, platformVersion: 10.0, rotatable:
                        false, timeouts: {implicit: 0, pageLoad: 300000, script: 30000}}
                        Session ID: b8bcc044-a86a-4ae1-8e66-b431be6ad17c
                        *** Element info: {Using=xpath, value=/html/body/app-root/app-main/div/main/div[2]/div[2]/app-search-result/app-ato-list/div/div[2]/table/tbody}
                        	at sun.reflect.NativeConstructorAccessorImpl.newInstance0(Native Method)
                        	at sun.reflect.NativeConstructorAccessorImpl.newInstance(Unknown Source)
                        	at sun.reflect.DelegatingConstructorAccessorImpl.newInstance(Unknown Source)
                        	at java.lang.reflect.Constructor.newInstance(Unknown Source)
                        	at org.openqa.selenium.remote.http.W3CHttpResponseCodec.createException(W3CHttpResponseCodec.java:187)
                        	at org.openqa.selenium.remote.http.W3CHttpResponseCodec.decode(W3CHttpResponseCodec.java:122)
                        	at org.openqa.selenium.remote.http.W3CHttpResponseCodec.decode(W3CHttpResponseCodec.java:49)
                        	at org.openqa.selenium.remote.HttpCommandExecutor.execute(HttpCommandExecutor.java:158)
                        	at org.openqa.selenium.remote.service.DriverCommandExecutor.execute(DriverCommandExecutor.java:83)
                        	at org.openqa.selenium.remote.RemoteWebDriver.execute(RemoteWebDriver.java:548)
                        	at org.openqa.selenium.remote.RemoteWebDriver.findElement(RemoteWebDriver.java:322)
                        	at org.openqa.selenium.remote.RemoteWebDriver.findElementByXPath(RemoteWebDriver.java:424)
                        	at org.openqa.selenium.By$ByXPath.findElement(By.java:353)
                        	at org.openqa.selenium.remote.RemoteWebDriver.findElement(RemoteWebDriver.java:314)
                        	at test_report.BasicSearch_Veirfy_Search_Major_MinorRecords_WithDB.OfferType_Count(BasicSearch_Veirfy_Search_Major_MinorRecords_WithDB.java:391)
                        	at sun.reflect.NativeMethodAccessorImpl.invoke0(Native Method)
                        	at sun.reflect.NativeMethodAccessorImpl.invoke(Unknown Source)
                        	at sun.reflect.DelegatingMethodAccessorImpl.invoke(Unknown Source)
                        	at java.lang.reflect.Method.invoke(Unknown Source)
                        	at org.testng.internal.MethodInvocationHelper.invokeMethod(MethodInvocationHelper.java:86)
                        	at org.testng.internal.Invoker.invokeMethod(Invoker.java:645)
                        	at org.testng.internal.Invoker.invokeTestMethod(Invoker.java:822)
                        	at org.testng.internal.Invoker.invokeTestMethods(Invoker.java:1130)
                        	at org.testng.internal.TestMethodWorker.invokeTestMethods(TestMethodWorker.java:129)
                        	at org.testng.internal.TestMethodWorker.run(TestMethodWorker.java:112)
                        	at org.testng.TestRunner.privateRun(TestRunner.java:782)
                        	at org.testng.TestRunner.run(TestRunner.java:632)
                        	at org.testng.SuiteRunner.runTest(SuiteRunner.java:366)
                        	at org.testng.SuiteRunner.runSequentially(SuiteRunner.java:361)
                        	at org.testng.SuiteRunner.privateRun(SuiteRunner.java:319)
                        	at org.testng.SuiteRunner.run(SuiteRunner.java:268)
                        	at org.testng.SuiteRunnerWorker.runSuite(SuiteRunnerWorker.java:52)
                        	at org.testng.SuiteRunnerWorker.run(SuiteRunnerWorker.java:86)
                        	at org.testng.TestNG.runSuitesSequentially(TestNG.java:1244)
                        	at org.testng.TestNG.runSuitesLocally(TestNG.java:1169)
                        	at org.testng.TestNG.run(TestNG.java:1064)
                        	at org.testng.remote.RemoteTestNG.run(RemoteTestNG.java:113)
                        	at org.testng.remote.RemoteTestNG.initAndRun(RemoteTestNG.java:206)
                        	at org.testng.remote.RemoteTestNG.main(RemoteTestNG.java:177)
                     </pre>
                  </div>
               </td>
            </tr>
            <tr id="test_report.BasicSearch_Veirfy_Search_Major_MinorRecords_WithDB_Search_byCommerceOffer_byClass_PASS3_row"
                class="testMethodStatusPASS">
               <td width="100%" class="firstMethodCell">
                  <a onclick="toggleDetailsVisibility('test_report.BasicSearch_Veirfy_Search_Major_MinorRecords_WithDB_Search_byCommerceOffer_byClass_PASS3_details')">Search_byCommerceOffer()</a>
               </td>
               <td nowrap="true">01:02:29</td>
               <td nowrap="true" align="right">1m
                  56s
                  
               </td>
               <td nowrap="true">
                   
                  
               </td>
            </tr>
            <tr>
               <td colspan="4" class="detailsBox">
                  <div id="test_report.BasicSearch_Veirfy_Search_Major_MinorRecords_WithDB_Search_byCommerceOffer_byClass_PASS3_details"
                       class="testMethodDetails">
                     <div>
                        <b>Name: </b>Search_byCommerceOffer
                     </div>
                     <div>
                        <b>Signature: </b>Search_byCommerceOffer()[pri:0, instance:test_report.BasicSearch_Veirfy_Search_Major_MinorRecords_WithDB@6fffcba5]
                     </div>
                     <div>
                        <b>Start time: </b>01:02:29
                     </div>
                     <div>
                        <b>End time: </b>01:04:25
                     </div>
                     <div>
                        <b>Duration: </b>1m
                        56s
                        
                     </div>
                  </div>
               </td>
            </tr>
            <tr></tr>
            <tr id="test_report.BasicSearch_Veirfy_Search_Major_MinorRecords_WithDB_Search_byOfferType_byClass_FAIL4_row"
                class="testMethodStatusFAIL">
               <td width="100%" class="firstMethodCell">
                  <a onclick="toggleDetailsVisibility('test_report.BasicSearch_Veirfy_Search_Major_MinorRecords_WithDB_Search_byOfferType_byClass_FAIL4_details')">Search_byOfferType()</a>
               </td>
               <td nowrap="true">01:04:25</td>
               <td nowrap="true" align="right">2m
                  10s
                  
               </td>
               <td nowrap="true">
                  <a onclick="toggleDetailsVisibility('test_report.BasicSearch_Veirfy_Search_Major_MinorRecords_WithDB_Search_byOfferType_byClass_FAIL4_exception')">org.openqa.selenium.NoSuchElementException: 
                     Unable to locate element: /html/body/app-root/app-main/div/main/div[2]/div[2]/app-search-result/app-ato-list/div/div[2]/table/tbody/tr[1]/td[8]/div
                     For documentation on this error, please visit: http://seleniumhq.org/exceptions/no_such_element.html
                     Build info: version: '3.14.0', revision: 'aacccce0', time: '2018-08-02T20:05:20.749Z'
                     System info: host: 'SHIWASIN-T5X72', ip: '10.65.55.4', os.name: 'Windows 10', os.arch: 'amd64', os.version: '10.0', java.version:
                     '1.8.0_181'
                     Driver info: org.openqa.selenium.firefox.FirefoxDriver
                     Capabilities {acceptInsecureCerts: true, browserName: firefox, browserVersion: 59.0.2, javascriptEnabled: true, moz:accessibilityChecks:
                     false, moz:headless: false, moz:processID: 24844, moz:profile: C:\Users\shiwasin.PARTNERS\..., moz:useNonSpecCompliantPointerOrigin:
                     false, moz:webdriverClick: true, pageLoadStrategy: normal, platform: XP, platformName: XP, platformVersion: 10.0, rotatable:
                     false, timeouts: {implicit: 0, pageLoad: 300000, script: 30000}}
                     Session ID: 10447b9b-0d52-49d5-bfd5-8545bee76c1a
                     *** Element info: {Using=xpath, value=/html/body/app-root/app-main/div/main/div[2]/div[2]/app-search-result/app-ato-list/div/div[2]/table/tbody/tr[1]/td[8]/div}
                     
                  </a>
                   
                  
               </td>
            </tr>
            <tr>
               <td colspan="4" class="detailsBox">
                  <div id="test_report.BasicSearch_Veirfy_Search_Major_MinorRecords_WithDB_Search_byOfferType_byClass_FAIL4_details"
                       class="testMethodDetails">
                     <div>
                        <b>Name: </b>Search_byOfferType
                     </div>
                     <div>
                        <b>Signature: </b>Search_byOfferType()[pri:0, instance:test_report.BasicSearch_Veirfy_Search_Major_MinorRecords_WithDB@6fffcba5]
                     </div>
                     <div>
                        <b>Start time: </b>01:04:25
                     </div>
                     <div>
                        <b>End time: </b>01:06:36
                     </div>
                     <div>
                        <b>Duration: </b>2m
                        10s
                        
                     </div>
                  </div>
               </td>
            </tr>
            <tr>
               <td colspan="4" class="detailsBox">
                  <div id="test_report.BasicSearch_Veirfy_Search_Major_MinorRecords_WithDB_Search_byOfferType_byClass_FAIL4_exception"
                       class="testMethodDetails">
                     <pre style="padding: 5px; margin: 0;">org.openqa.selenium.NoSuchElementException: Unable to locate element: /html/body/app-root/app-main/div/main/div[2]/div[2]/app-search-result/app-ato-list/div/div[2]/table/tbody/tr[1]/td[8]/div
                        For documentation on this error, please visit: http://seleniumhq.org/exceptions/no_such_element.html
                        Build info: version: '3.14.0', revision: 'aacccce0', time: '2018-08-02T20:05:20.749Z'
                        System info: host: 'SHIWASIN-T5X72', ip: '10.65.55.4', os.name: 'Windows 10', os.arch: 'amd64', os.version: '10.0', java.version:
                        '1.8.0_181'
                        Driver info: org.openqa.selenium.firefox.FirefoxDriver
                        Capabilities {acceptInsecureCerts: true, browserName: firefox, browserVersion: 59.0.2, javascriptEnabled: true, moz:accessibilityChecks:
                        false, moz:headless: false, moz:processID: 24844, moz:profile: C:\Users\shiwasin.PARTNERS\..., moz:useNonSpecCompliantPointerOrigin:
                        false, moz:webdriverClick: true, pageLoadStrategy: normal, platform: XP, platformName: XP, platformVersion: 10.0, rotatable:
                        false, timeouts: {implicit: 0, pageLoad: 300000, script: 30000}}
                        Session ID: 10447b9b-0d52-49d5-bfd5-8545bee76c1a
                        *** Element info: {Using=xpath, value=/html/body/app-root/app-main/div/main/div[2]/div[2]/app-search-result/app-ato-list/div/div[2]/table/tbody/tr[1]/td[8]/div}
                        	at sun.reflect.NativeConstructorAccessorImpl.newInstance0(Native Method)
                        	at sun.reflect.NativeConstructorAccessorImpl.newInstance(Unknown Source)
                        	at sun.reflect.DelegatingConstructorAccessorImpl.newInstance(Unknown Source)
                        	at java.lang.reflect.Constructor.newInstance(Unknown Source)
                        	at org.openqa.selenium.remote.http.W3CHttpResponseCodec.createException(W3CHttpResponseCodec.java:187)
                        	at org.openqa.selenium.remote.http.W3CHttpResponseCodec.decode(W3CHttpResponseCodec.java:122)
                        	at org.openqa.selenium.remote.http.W3CHttpResponseCodec.decode(W3CHttpResponseCodec.java:49)
                        	at org.openqa.selenium.remote.HttpCommandExecutor.execute(HttpCommandExecutor.java:158)
                        	at org.openqa.selenium.remote.service.DriverCommandExecutor.execute(DriverCommandExecutor.java:83)
                        	at org.openqa.selenium.remote.RemoteWebDriver.execute(RemoteWebDriver.java:548)
                        	at org.openqa.selenium.remote.RemoteWebDriver.findElement(RemoteWebDriver.java:322)
                        	at org.openqa.selenium.remote.RemoteWebDriver.findElementByXPath(RemoteWebDriver.java:424)
                        	at org.openqa.selenium.By$ByXPath.findElement(By.java:353)
                        	at org.openqa.selenium.remote.RemoteWebDriver.findElement(RemoteWebDriver.java:314)
                        	at test_report.BasicSearch_Veirfy_Search_Major_MinorRecords_WithDB.Search_byOfferType(BasicSearch_Veirfy_Search_Major_MinorRecords_WithDB.java:173)
                        	at sun.reflect.NativeMethodAccessorImpl.invoke0(Native Method)
                        	at sun.reflect.NativeMethodAccessorImpl.invoke(Unknown Source)
                        	at sun.reflect.DelegatingMethodAccessorImpl.invoke(Unknown Source)
                        	at java.lang.reflect.Method.invoke(Unknown Source)
                        	at org.testng.internal.MethodInvocationHelper.invokeMethod(MethodInvocationHelper.java:86)
                        	at org.testng.internal.Invoker.invokeMethod(Invoker.java:645)
                        	at org.testng.internal.Invoker.invokeTestMethod(Invoker.java:822)
                        	at org.testng.internal.Invoker.invokeTestMethods(Invoker.java:1130)
                        	at org.testng.internal.TestMethodWorker.invokeTestMethods(TestMethodWorker.java:129)
                        	at org.testng.internal.TestMethodWorker.run(TestMethodWorker.java:112)
                        	at org.testng.TestRunner.privateRun(TestRunner.java:782)
                        	at org.testng.TestRunner.run(TestRunner.java:632)
                        	at org.testng.SuiteRunner.runTest(SuiteRunner.java:366)
                        	at org.testng.SuiteRunner.runSequentially(SuiteRunner.java:361)
                        	at org.testng.SuiteRunner.privateRun(SuiteRunner.java:319)
                        	at org.testng.SuiteRunner.run(SuiteRunner.java:268)
                        	at org.testng.SuiteRunnerWorker.runSuite(SuiteRunnerWorker.java:52)
                        	at org.testng.SuiteRunnerWorker.run(SuiteRunnerWorker.java:86)
                        	at org.testng.TestNG.runSuitesSequentially(TestNG.java:1244)
                        	at org.testng.TestNG.runSuitesLocally(TestNG.java:1169)
                        	at org.testng.TestNG.run(TestNG.java:1064)
                        	at org.testng.remote.RemoteTestNG.run(RemoteTestNG.java:113)
                        	at org.testng.remote.RemoteTestNG.initAndRun(RemoteTestNG.java:206)
                        	at org.testng.remote.RemoteTestNG.main(RemoteTestNG.java:177)
                     </pre>
                  </div>
               </td>
            </tr>
            <tr id="test_report.BasicSearch_Veirfy_Search_Major_MinorRecords_WithDB_Search_byPF_byClass_PASS5_row"
                class="testMethodStatusPASS">
               <td width="100%" class="firstMethodCell">
                  <a onclick="toggleDetailsVisibility('test_report.BasicSearch_Veirfy_Search_Major_MinorRecords_WithDB_Search_byPF_byClass_PASS5_details')">Search_byPF()</a>
               </td>
               <td nowrap="true">01:06:36</td>
               <td nowrap="true" align="right">1m
                  59s
                  
               </td>
               <td nowrap="true">
                   
                  
               </td>
            </tr>
            <tr>
               <td colspan="4" class="detailsBox">
                  <div id="test_report.BasicSearch_Veirfy_Search_Major_MinorRecords_WithDB_Search_byPF_byClass_PASS5_details"
                       class="testMethodDetails">
                     <div>
                        <b>Name: </b>Search_byPF
                     </div>
                     <div>
                        <b>Signature: </b>Search_byPF()[pri:0, instance:test_report.BasicSearch_Veirfy_Search_Major_MinorRecords_WithDB@6fffcba5]
                     </div>
                     <div>
                        <b>Start time: </b>01:06:36
                     </div>
                     <div>
                        <b>End time: </b>01:08:35
                     </div>
                     <div>
                        <b>Duration: </b>1m
                        59s
                        
                     </div>
                  </div>
               </td>
            </tr>
            <tr></tr>
            <tr id="test_report.BasicSearch_Veirfy_Search_Major_MinorRecords_WithDB_Search_byPF_Count_byClass_FAIL6_row"
                class="testMethodStatusFAIL">
               <td width="100%" class="firstMethodCell">
                  <a onclick="toggleDetailsVisibility('test_report.BasicSearch_Veirfy_Search_Major_MinorRecords_WithDB_Search_byPF_Count_byClass_FAIL6_details')">Search_byPF_Count()</a>
               </td>
               <td nowrap="true">01:08:35</td>
               <td nowrap="true" align="right">1m
                  28s
                  
               </td>
               <td nowrap="true">
                  <a onclick="toggleDetailsVisibility('test_report.BasicSearch_Veirfy_Search_Major_MinorRecords_WithDB_Search_byPF_Count_byClass_FAIL6_exception')">org.openqa.selenium.NoSuchElementException: 
                     Unable to locate element: /html/body/app-root/app-main/div/main/div[2]/div[2]/app-search-result/app-ato-list/div/div[2]/table/tbody
                     For documentation on this error, please visit: http://seleniumhq.org/exceptions/no_such_element.html
                     Build info: version: '3.14.0', revision: 'aacccce0', time: '2018-08-02T20:05:20.749Z'
                     System info: host: 'SHIWASIN-T5X72', ip: '10.65.55.4', os.name: 'Windows 10', os.arch: 'amd64', os.version: '10.0', java.version:
                     '1.8.0_181'
                     Driver info: org.openqa.selenium.firefox.FirefoxDriver
                     Capabilities {acceptInsecureCerts: true, browserName: firefox, browserVersion: 59.0.2, javascriptEnabled: true, moz:accessibilityChecks:
                     false, moz:headless: false, moz:processID: 5256, moz:profile: C:\Users\shiwasin.PARTNERS\..., moz:useNonSpecCompliantPointerOrigin:
                     false, moz:webdriverClick: true, pageLoadStrategy: normal, platform: XP, platformName: XP, platformVersion: 10.0, rotatable:
                     false, timeouts: {implicit: 0, pageLoad: 300000, script: 30000}}
                     Session ID: 72c219c0-14e0-45b7-9bce-b9812b258f29
                     *** Element info: {Using=xpath, value=/html/body/app-root/app-main/div/main/div[2]/div[2]/app-search-result/app-ato-list/div/div[2]/table/tbody}
                     
                  </a>
                   
                  
               </td>
            </tr>
            <tr>
               <td colspan="4" class="detailsBox">
                  <div id="test_report.BasicSearch_Veirfy_Search_Major_MinorRecords_WithDB_Search_byPF_Count_byClass_FAIL6_details"
                       class="testMethodDetails">
                     <div>
                        <b>Name: </b>Search_byPF_Count
                     </div>
                     <div>
                        <b>Signature: </b>Search_byPF_Count()[pri:0, instance:test_report.BasicSearch_Veirfy_Search_Major_MinorRecords_WithDB@6fffcba5]
                     </div>
                     <div>
                        <b>Start time: </b>01:08:35
                     </div>
                     <div>
                        <b>End time: </b>01:10:04
                     </div>
                     <div>
                        <b>Duration: </b>1m
                        28s
                        
                     </div>
                  </div>
               </td>
            </tr>
            <tr>
               <td colspan="4" class="detailsBox">
                  <div id="test_report.BasicSearch_Veirfy_Search_Major_MinorRecords_WithDB_Search_byPF_Count_byClass_FAIL6_exception"
                       class="testMethodDetails">
                     <pre style="padding: 5px; margin: 0;">org.openqa.selenium.NoSuchElementException: Unable to locate element: /html/body/app-root/app-main/div/main/div[2]/div[2]/app-search-result/app-ato-list/div/div[2]/table/tbody
                        For documentation on this error, please visit: http://seleniumhq.org/exceptions/no_such_element.html
                        Build info: version: '3.14.0', revision: 'aacccce0', time: '2018-08-02T20:05:20.749Z'
                        System info: host: 'SHIWASIN-T5X72', ip: '10.65.55.4', os.name: 'Windows 10', os.arch: 'amd64', os.version: '10.0', java.version:
                        '1.8.0_181'
                        Driver info: org.openqa.selenium.firefox.FirefoxDriver
                        Capabilities {acceptInsecureCerts: true, browserName: firefox, browserVersion: 59.0.2, javascriptEnabled: true, moz:accessibilityChecks:
                        false, moz:headless: false, moz:processID: 5256, moz:profile: C:\Users\shiwasin.PARTNERS\..., moz:useNonSpecCompliantPointerOrigin:
                        false, moz:webdriverClick: true, pageLoadStrategy: normal, platform: XP, platformName: XP, platformVersion: 10.0, rotatable:
                        false, timeouts: {implicit: 0, pageLoad: 300000, script: 30000}}
                        Session ID: 72c219c0-14e0-45b7-9bce-b9812b258f29
                        *** Element info: {Using=xpath, value=/html/body/app-root/app-main/div/main/div[2]/div[2]/app-search-result/app-ato-list/div/div[2]/table/tbody}
                        	at sun.reflect.NativeConstructorAccessorImpl.newInstance0(Native Method)
                        	at sun.reflect.NativeConstructorAccessorImpl.newInstance(Unknown Source)
                        	at sun.reflect.DelegatingConstructorAccessorImpl.newInstance(Unknown Source)
                        	at java.lang.reflect.Constructor.newInstance(Unknown Source)
                        	at org.openqa.selenium.remote.http.W3CHttpResponseCodec.createException(W3CHttpResponseCodec.java:187)
                        	at org.openqa.selenium.remote.http.W3CHttpResponseCodec.decode(W3CHttpResponseCodec.java:122)
                        	at org.openqa.selenium.remote.http.W3CHttpResponseCodec.decode(W3CHttpResponseCodec.java:49)
                        	at org.openqa.selenium.remote.HttpCommandExecutor.execute(HttpCommandExecutor.java:158)
                        	at org.openqa.selenium.remote.service.DriverCommandExecutor.execute(DriverCommandExecutor.java:83)
                        	at org.openqa.selenium.remote.RemoteWebDriver.execute(RemoteWebDriver.java:548)
                        	at org.openqa.selenium.remote.RemoteWebDriver.findElement(RemoteWebDriver.java:322)
                        	at org.openqa.selenium.remote.RemoteWebDriver.findElementByXPath(RemoteWebDriver.java:424)
                        	at org.openqa.selenium.By$ByXPath.findElement(By.java:353)
                        	at org.openqa.selenium.remote.RemoteWebDriver.findElement(RemoteWebDriver.java:314)
                        	at test_report.BasicSearch_Veirfy_Search_Major_MinorRecords_WithDB.Search_byPF_Count(BasicSearch_Veirfy_Search_Major_MinorRecords_WithDB.java:328)
                        	at sun.reflect.NativeMethodAccessorImpl.invoke0(Native Method)
                        	at sun.reflect.NativeMethodAccessorImpl.invoke(Unknown Source)
                        	at sun.reflect.DelegatingMethodAccessorImpl.invoke(Unknown Source)
                        	at java.lang.reflect.Method.invoke(Unknown Source)
                        	at org.testng.internal.MethodInvocationHelper.invokeMethod(MethodInvocationHelper.java:86)
                        	at org.testng.internal.Invoker.invokeMethod(Invoker.java:645)
                        	at org.testng.internal.Invoker.invokeTestMethod(Invoker.java:822)
                        	at org.testng.internal.Invoker.invokeTestMethods(Invoker.java:1130)
                        	at org.testng.internal.TestMethodWorker.invokeTestMethods(TestMethodWorker.java:129)
                        	at org.testng.internal.TestMethodWorker.run(TestMethodWorker.java:112)
                        	at org.testng.TestRunner.privateRun(TestRunner.java:782)
                        	at org.testng.TestRunner.run(TestRunner.java:632)
                        	at org.testng.SuiteRunner.runTest(SuiteRunner.java:366)
                        	at org.testng.SuiteRunner.runSequentially(SuiteRunner.java:361)
                        	at org.testng.SuiteRunner.privateRun(SuiteRunner.java:319)
                        	at org.testng.SuiteRunner.run(SuiteRunner.java:268)
                        	at org.testng.SuiteRunnerWorker.runSuite(SuiteRunnerWorker.java:52)
                        	at org.testng.SuiteRunnerWorker.run(SuiteRunnerWorker.java:86)
                        	at org.testng.TestNG.runSuitesSequentially(TestNG.java:1244)
                        	at org.testng.TestNG.runSuitesLocally(TestNG.java:1169)
                        	at org.testng.TestNG.run(TestNG.java:1064)
                        	at org.testng.remote.RemoteTestNG.run(RemoteTestNG.java:113)
                        	at org.testng.remote.RemoteTestNG.initAndRun(RemoteTestNG.java:206)
                        	at org.testng.remote.RemoteTestNG.main(RemoteTestNG.java:177)
                     </pre>
                  </div>
               </td>
            </tr>
            <tr id="test_report.BasicSearch_Veirfy_Search_Major_MinorRecords_WithDB_Search_count_byCommerceoffer_byClass_FAIL7_row"
                class="testMethodStatusFAIL">
               <td width="100%" class="firstMethodCell">
                  <a onclick="toggleDetailsVisibility('test_report.BasicSearch_Veirfy_Search_Major_MinorRecords_WithDB_Search_count_byCommerceoffer_byClass_FAIL7_details')">Search_count_byCommerceoffer()</a>
               </td>
               <td nowrap="true">01:10:04</td>
               <td nowrap="true" align="right">1m
                  24s
                  
               </td>
               <td nowrap="true">
                  <a onclick="toggleDetailsVisibility('test_report.BasicSearch_Veirfy_Search_Major_MinorRecords_WithDB_Search_count_byCommerceoffer_byClass_FAIL7_exception')">org.openqa.selenium.NoSuchElementException: 
                     Unable to locate element: /html/body/app-root/app-main/div/main/div[2]/div[2]/app-search-result/app-ato-list/div/div[2]/table/tbody
                     For documentation on this error, please visit: http://seleniumhq.org/exceptions/no_such_element.html
                     Build info: version: '3.14.0', revision: 'aacccce0', time: '2018-08-02T20:05:20.749Z'
                     System info: host: 'SHIWASIN-T5X72', ip: '10.65.55.4', os.name: 'Windows 10', os.arch: 'amd64', os.version: '10.0', java.version:
                     '1.8.0_181'
                     Driver info: org.openqa.selenium.firefox.FirefoxDriver
                     Capabilities {acceptInsecureCerts: true, browserName: firefox, browserVersion: 59.0.2, javascriptEnabled: true, moz:accessibilityChecks:
                     false, moz:headless: false, moz:processID: 15056, moz:profile: C:\Users\shiwasin.PARTNERS\..., moz:useNonSpecCompliantPointerOrigin:
                     false, moz:webdriverClick: true, pageLoadStrategy: normal, platform: XP, platformName: XP, platformVersion: 10.0, rotatable:
                     false, timeouts: {implicit: 0, pageLoad: 300000, script: 30000}}
                     Session ID: af37f1fd-16f3-40f8-a06c-ffc75b3fa92d
                     *** Element info: {Using=xpath, value=/html/body/app-root/app-main/div/main/div[2]/div[2]/app-search-result/app-ato-list/div/div[2]/table/tbody}
                     
                  </a>
                   
                  
               </td>
            </tr>
            <tr>
               <td colspan="4" class="detailsBox">
                  <div id="test_report.BasicSearch_Veirfy_Search_Major_MinorRecords_WithDB_Search_count_byCommerceoffer_byClass_FAIL7_details"
                       class="testMethodDetails">
                     <div>
                        <b>Name: </b>Search_count_byCommerceoffer
                     </div>
                     <div>
                        <b>Signature: </b>Search_count_byCommerceoffer()[pri:0, instance:test_report.BasicSearch_Veirfy_Search_Major_MinorRecords_WithDB@6fffcba5]
                     </div>
                     <div>
                        <b>Start time: </b>01:10:04
                     </div>
                     <div>
                        <b>End time: </b>01:11:28
                     </div>
                     <div>
                        <b>Duration: </b>1m
                        24s
                        
                     </div>
                  </div>
               </td>
            </tr>
            <tr>
               <td colspan="4" class="detailsBox">
                  <div id="test_report.BasicSearch_Veirfy_Search_Major_MinorRecords_WithDB_Search_count_byCommerceoffer_byClass_FAIL7_exception"
                       class="testMethodDetails">
                     <pre style="padding: 5px; margin: 0;">org.openqa.selenium.NoSuchElementException: Unable to locate element: /html/body/app-root/app-main/div/main/div[2]/div[2]/app-search-result/app-ato-list/div/div[2]/table/tbody
                        For documentation on this error, please visit: http://seleniumhq.org/exceptions/no_such_element.html
                        Build info: version: '3.14.0', revision: 'aacccce0', time: '2018-08-02T20:05:20.749Z'
                        System info: host: 'SHIWASIN-T5X72', ip: '10.65.55.4', os.name: 'Windows 10', os.arch: 'amd64', os.version: '10.0', java.version:
                        '1.8.0_181'
                        Driver info: org.openqa.selenium.firefox.FirefoxDriver
                        Capabilities {acceptInsecureCerts: true, browserName: firefox, browserVersion: 59.0.2, javascriptEnabled: true, moz:accessibilityChecks:
                        false, moz:headless: false, moz:processID: 15056, moz:profile: C:\Users\shiwasin.PARTNERS\..., moz:useNonSpecCompliantPointerOrigin:
                        false, moz:webdriverClick: true, pageLoadStrategy: normal, platform: XP, platformName: XP, platformVersion: 10.0, rotatable:
                        false, timeouts: {implicit: 0, pageLoad: 300000, script: 30000}}
                        Session ID: af37f1fd-16f3-40f8-a06c-ffc75b3fa92d
                        *** Element info: {Using=xpath, value=/html/body/app-root/app-main/div/main/div[2]/div[2]/app-search-result/app-ato-list/div/div[2]/table/tbody}
                        	at sun.reflect.NativeConstructorAccessorImpl.newInstance0(Native Method)
                        	at sun.reflect.NativeConstructorAccessorImpl.newInstance(Unknown Source)
                        	at sun.reflect.DelegatingConstructorAccessorImpl.newInstance(Unknown Source)
                        	at java.lang.reflect.Constructor.newInstance(Unknown Source)
                        	at org.openqa.selenium.remote.http.W3CHttpResponseCodec.createException(W3CHttpResponseCodec.java:187)
                        	at org.openqa.selenium.remote.http.W3CHttpResponseCodec.decode(W3CHttpResponseCodec.java:122)
                        	at org.openqa.selenium.remote.http.W3CHttpResponseCodec.decode(W3CHttpResponseCodec.java:49)
                        	at org.openqa.selenium.remote.HttpCommandExecutor.execute(HttpCommandExecutor.java:158)
                        	at org.openqa.selenium.remote.service.DriverCommandExecutor.execute(DriverCommandExecutor.java:83)
                        	at org.openqa.selenium.remote.RemoteWebDriver.execute(RemoteWebDriver.java:548)
                        	at org.openqa.selenium.remote.RemoteWebDriver.findElement(RemoteWebDriver.java:322)
                        	at org.openqa.selenium.remote.RemoteWebDriver.findElementByXPath(RemoteWebDriver.java:424)
                        	at org.openqa.selenium.By$ByXPath.findElement(By.java:353)
                        	at org.openqa.selenium.remote.RemoteWebDriver.findElement(RemoteWebDriver.java:314)
                        	at test_report.BasicSearch_Veirfy_Search_Major_MinorRecords_WithDB.Search_count_byCommerceoffer(BasicSearch_Veirfy_Search_Major_MinorRecords_WithDB.java:493)
                        	at sun.reflect.NativeMethodAccessorImpl.invoke0(Native Method)
                        	at sun.reflect.NativeMethodAccessorImpl.invoke(Unknown Source)
                        	at sun.reflect.DelegatingMethodAccessorImpl.invoke(Unknown Source)
                        	at java.lang.reflect.Method.invoke(Unknown Source)
                        	at org.testng.internal.MethodInvocationHelper.invokeMethod(MethodInvocationHelper.java:86)
                        	at org.testng.internal.Invoker.invokeMethod(Invoker.java:645)
                        	at org.testng.internal.Invoker.invokeTestMethod(Invoker.java:822)
                        	at org.testng.internal.Invoker.invokeTestMethods(Invoker.java:1130)
                        	at org.testng.internal.TestMethodWorker.invokeTestMethods(TestMethodWorker.java:129)
                        	at org.testng.internal.TestMethodWorker.run(TestMethodWorker.java:112)
                        	at org.testng.TestRunner.privateRun(TestRunner.java:782)
                        	at org.testng.TestRunner.run(TestRunner.java:632)
                        	at org.testng.SuiteRunner.runTest(SuiteRunner.java:366)
                        	at org.testng.SuiteRunner.runSequentially(SuiteRunner.java:361)
                        	at org.testng.SuiteRunner.privateRun(SuiteRunner.java:319)
                        	at org.testng.SuiteRunner.run(SuiteRunner.java:268)
                        	at org.testng.SuiteRunnerWorker.runSuite(SuiteRunnerWorker.java:52)
                        	at org.testng.SuiteRunnerWorker.run(SuiteRunnerWorker.java:86)
                        	at org.testng.TestNG.runSuitesSequentially(TestNG.java:1244)
                        	at org.testng.TestNG.runSuitesLocally(TestNG.java:1169)
                        	at org.testng.TestNG.run(TestNG.java:1064)
                        	at org.testng.remote.RemoteTestNG.run(RemoteTestNG.java:113)
                        	at org.testng.remote.RemoteTestNG.initAndRun(RemoteTestNG.java:206)
                        	at org.testng.remote.RemoteTestNG.main(RemoteTestNG.java:177)
                     </pre>
                  </div>
               </td>
            </tr>
            <tr id="test_report.BasicSearch_Veirfy_Search_Major_MinorRecords_WithDB_Validate_Minor_Available_Or_Not_byClass_PASS8_row"
                class="testMethodStatusPASS">
               <td width="100%" class="firstMethodCell">
                  <a onclick="toggleDetailsVisibility('test_report.BasicSearch_Veirfy_Search_Major_MinorRecords_WithDB_Validate_Minor_Available_Or_Not_byClass_PASS8_details')">Validate_Minor_Available_Or_Not()</a>
               </td>
               <td nowrap="true">01:11:28</td>
               <td nowrap="true" align="right">1m
                  20s
                  
               </td>
               <td nowrap="true">
                   
                  
               </td>
            </tr>
            <tr>
               <td colspan="4" class="detailsBox">
                  <div id="test_report.BasicSearch_Veirfy_Search_Major_MinorRecords_WithDB_Validate_Minor_Available_Or_Not_byClass_PASS8_details"
                       class="testMethodDetails">
                     <div>
                        <b>Name: </b>Validate_Minor_Available_Or_Not
                     </div>
                     <div>
                        <b>Signature: </b>Validate_Minor_Available_Or_Not()[pri:0, instance:test_report.BasicSearch_Veirfy_Search_Major_MinorRecords_WithDB@6fffcba5]
                     </div>
                     <div>
                        <b>Start time: </b>01:11:28
                     </div>
                     <div>
                        <b>End time: </b>01:12:49
                     </div>
                     <div>
                        <b>Duration: </b>1m
                        20s
                        
                     </div>
                  </div>
               </td>
            </tr>
            <tr></tr>
            <tr id="test_report.BasicSearch_Veirfy_Search_Major_MinorRecords_WithDB_Validate_Subscription_BOM_byClass_PASS9_row"
                class="testMethodStatusPASS">
               <td width="100%" class="firstMethodCell">
                  <a onclick="toggleDetailsVisibility('test_report.BasicSearch_Veirfy_Search_Major_MinorRecords_WithDB_Validate_Subscription_BOM_byClass_PASS9_details')">Validate_Subscription_BOM()</a>
               </td>
               <td nowrap="true">01:12:49</td>
               <td nowrap="true" align="right">1m
                  11s
                  
               </td>
               <td nowrap="true">
                   
                  
               </td>
            </tr>
            <tr>
               <td colspan="4" class="detailsBox">
                  <div id="test_report.BasicSearch_Veirfy_Search_Major_MinorRecords_WithDB_Validate_Subscription_BOM_byClass_PASS9_details"
                       class="testMethodDetails">
                     <div>
                        <b>Name: </b>Validate_Subscription_BOM
                     </div>
                     <div>
                        <b>Signature: </b>Validate_Subscription_BOM()[pri:0, instance:test_report.BasicSearch_Veirfy_Search_Major_MinorRecords_WithDB@6fffcba5]
                     </div>
                     <div>
                        <b>Start time: </b>01:12:49
                     </div>
                     <div>
                        <b>End time: </b>01:14:00
                     </div>
                     <div>
                        <b>Duration: </b>1m
                        11s
                        
                     </div>
                  </div>
               </td>
            </tr>
            <tr></tr>
         </table>
         <br></br>
      </div>
      <div style="margin-top: 15px; color: gray; text-align: center; font-size: 9px;">
         Generated with
         
         <a href="http://code.google.com/p/testng-xslt/" style="color: #8888aa;"
            target="_blank">
            TestNG XSLT
            
         </a>
      </div>
   </body>
</html>