<?xml version="1.0" encoding="UTF-8"?>
<testng-results skipped="0" failed="3" total="22" passed="19">
  <reporter-output>
  </reporter-output>
  <suite name="Default suite" duration-ms="1914750" started-at="2018-11-26T16:31:30Z" finished-at="2018-11-26T17:03:24Z">
    <groups>
    </groups>
    <test name="Default test" duration-ms="1914750" started-at="2018-11-26T16:31:30Z" finished-at="2018-11-26T17:03:24Z">
      <class name="test_report.Advance_Search">
        <test-method status="PASS" signature="Advance_search_Parameters()[pri:0, instance:test_report.Advance_Search@7006c658]" name="Advance_search_Parameters" duration-ms="79815" started-at="2018-11-26T22:01:30Z" finished-at="2018-11-26T22:02:49Z">
          <reporter-output>
          </reporter-output>
        </test-method> <!-- Advance_search_Parameters -->
        <test-method status="PASS" signature="Advancesearch_byAllMandatory_Value()[pri:0, instance:test_report.Advance_Search@7006c658]" name="Advancesearch_byAllMandatory_Value" duration-ms="103391" started-at="2018-11-26T22:02:49Z" finished-at="2018-11-26T22:04:33Z">
          <reporter-output>
          </reporter-output>
        </test-method> <!-- Advancesearch_byAllMandatory_Value -->
        <test-method status="FAIL" signature="Advancesearch_verify_the_Pictorial_View()[pri:0, instance:test_report.Advance_Search@7006c658]" name="Advancesearch_verify_the_Pictorial_View" duration-ms="61054" started-at="2018-11-26T22:04:33Z" finished-at="2018-11-26T22:05:34Z">
          <exception class="org.openqa.selenium.NoSuchElementException">
            <message>
              <![CDATA[Unable to locate element: *[name='Technology Group']
For documentation on this error, please visit: http://seleniumhq.org/exceptions/no_such_element.html
Build info: version: '3.14.0', revision: 'aacccce0', time: '2018-08-02T20:05:20.749Z'
System info: host: 'SHIWASIN-T5X72', ip: '10.65.70.84', os.name: 'Windows 10', os.arch: 'amd64', os.version: '10.0', java.version: '1.8.0_191'
Driver info: org.openqa.selenium.firefox.FirefoxDriver
Capabilities {acceptInsecureCerts: true, browserName: firefox, browserVersion: 59.0.2, javascriptEnabled: true, moz:accessibilityChecks: false, moz:headless: false, moz:processID: 30584, moz:profile: C:\Users\shiwasin.PARTNERS\..., moz:useNonSpecCompliantPointerOrigin: false, moz:webdriverClick: true, pageLoadStrategy: normal, platform: XP, platformName: XP, platformVersion: 10.0, rotatable: false, timeouts: {implicit: 0, pageLoad: 300000, script: 30000}}
Session ID: d4aa36e2-d8d4-4b5c-a8fd-833cf4bd35f1
*** Element info: {Using=name, value=Technology Group}]]>
            </message>
            <full-stacktrace>
              <![CDATA[org.openqa.selenium.NoSuchElementException: Unable to locate element: *[name='Technology Group']
For documentation on this error, please visit: http://seleniumhq.org/exceptions/no_such_element.html
Build info: version: '3.14.0', revision: 'aacccce0', time: '2018-08-02T20:05:20.749Z'
System info: host: 'SHIWASIN-T5X72', ip: '10.65.70.84', os.name: 'Windows 10', os.arch: 'amd64', os.version: '10.0', java.version: '1.8.0_191'
Driver info: org.openqa.selenium.firefox.FirefoxDriver
Capabilities {acceptInsecureCerts: true, browserName: firefox, browserVersion: 59.0.2, javascriptEnabled: true, moz:accessibilityChecks: false, moz:headless: false, moz:processID: 30584, moz:profile: C:\Users\shiwasin.PARTNERS\..., moz:useNonSpecCompliantPointerOrigin: false, moz:webdriverClick: true, pageLoadStrategy: normal, platform: XP, platformName: XP, platformVersion: 10.0, rotatable: false, timeouts: {implicit: 0, pageLoad: 300000, script: 30000}}
Session ID: d4aa36e2-d8d4-4b5c-a8fd-833cf4bd35f1
*** Element info: {Using=name, value=Technology Group}
	at sun.reflect.NativeConstructorAccessorImpl.newInstance0(Native Method)
	at sun.reflect.NativeConstructorAccessorImpl.newInstance(Unknown Source)
	at sun.reflect.DelegatingConstructorAccessorImpl.newInstance(Unknown Source)
	at java.lang.reflect.Constructor.newInstance(Unknown Source)
	at org.openqa.selenium.remote.http.W3CHttpResponseCodec.createException(W3CHttpResponseCodec.java:187)
	at org.openqa.selenium.remote.http.W3CHttpResponseCodec.decode(W3CHttpResponseCodec.java:122)
	at org.openqa.selenium.remote.http.W3CHttpResponseCodec.decode(W3CHttpResponseCodec.java:49)
	at org.openqa.selenium.remote.HttpCommandExecutor.execute(HttpCommandExecutor.java:158)
	at org.openqa.selenium.remote.service.DriverCommandExecutor.execute(DriverCommandExecutor.java:83)
	at org.openqa.selenium.remote.RemoteWebDriver.execute(RemoteWebDriver.java:548)
	at org.openqa.selenium.remote.RemoteWebDriver.findElement(RemoteWebDriver.java:322)
	at org.openqa.selenium.remote.RemoteWebDriver.findElementByName(RemoteWebDriver.java:400)
	at org.openqa.selenium.By$ByName.findElement(By.java:284)
	at org.openqa.selenium.remote.RemoteWebDriver.findElement(RemoteWebDriver.java:314)
	at test_report.Advance_Search.Advancesearch_verify_the_Pictorial_View(Advance_Search.java:111)
	at sun.reflect.NativeMethodAccessorImpl.invoke0(Native Method)
	at sun.reflect.NativeMethodAccessorImpl.invoke(Unknown Source)
	at sun.reflect.DelegatingMethodAccessorImpl.invoke(Unknown Source)
	at java.lang.reflect.Method.invoke(Unknown Source)
	at org.testng.internal.MethodInvocationHelper.invokeMethod(MethodInvocationHelper.java:86)
	at org.testng.internal.Invoker.invokeMethod(Invoker.java:645)
	at org.testng.internal.Invoker.invokeTestMethod(Invoker.java:822)
	at org.testng.internal.Invoker.invokeTestMethods(Invoker.java:1130)
	at org.testng.internal.TestMethodWorker.invokeTestMethods(TestMethodWorker.java:129)
	at org.testng.internal.TestMethodWorker.run(TestMethodWorker.java:112)
	at org.testng.TestRunner.privateRun(TestRunner.java:782)
	at org.testng.TestRunner.run(TestRunner.java:632)
	at org.testng.SuiteRunner.runTest(SuiteRunner.java:366)
	at org.testng.SuiteRunner.runSequentially(SuiteRunner.java:361)
	at org.testng.SuiteRunner.privateRun(SuiteRunner.java:319)
	at org.testng.SuiteRunner.run(SuiteRunner.java:268)
	at org.testng.SuiteRunnerWorker.runSuite(SuiteRunnerWorker.java:52)
	at org.testng.SuiteRunnerWorker.run(SuiteRunnerWorker.java:86)
	at org.testng.TestNG.runSuitesSequentially(TestNG.java:1244)
	at org.testng.TestNG.runSuitesLocally(TestNG.java:1169)
	at org.testng.TestNG.run(TestNG.java:1064)
	at org.testng.remote.RemoteTestNG.run(RemoteTestNG.java:113)
	at org.testng.remote.RemoteTestNG.initAndRun(RemoteTestNG.java:206)
	at org.testng.remote.RemoteTestNG.main(RemoteTestNG.java:177)
]]>
            </full-stacktrace>
          </exception> <!-- org.openqa.selenium.NoSuchElementException -->
          <reporter-output>
          </reporter-output>
        </test-method> <!-- Advancesearch_verify_the_Pictorial_View -->
        <test-method status="FAIL" signature="Autosearch_with_BU()[pri:0, instance:test_report.Advance_Search@7006c658]" name="Autosearch_with_BU" duration-ms="92361" started-at="2018-11-26T22:05:34Z" finished-at="2018-11-26T22:07:06Z">
          <exception class="org.openqa.selenium.NoSuchElementException">
            <message>
              <![CDATA[Unable to locate element: #ngb\-typeahead\-2\-0
For documentation on this error, please visit: http://seleniumhq.org/exceptions/no_such_element.html
Build info: version: '3.14.0', revision: 'aacccce0', time: '2018-08-02T20:05:20.749Z'
System info: host: 'SHIWASIN-T5X72', ip: '10.65.70.84', os.name: 'Windows 10', os.arch: 'amd64', os.version: '10.0', java.version: '1.8.0_191'
Driver info: org.openqa.selenium.firefox.FirefoxDriver
Capabilities {acceptInsecureCerts: true, browserName: firefox, browserVersion: 59.0.2, javascriptEnabled: true, moz:accessibilityChecks: false, moz:headless: false, moz:processID: 19292, moz:profile: C:\Users\shiwasin.PARTNERS\..., moz:useNonSpecCompliantPointerOrigin: false, moz:webdriverClick: true, pageLoadStrategy: normal, platform: XP, platformName: XP, platformVersion: 10.0, rotatable: false, timeouts: {implicit: 0, pageLoad: 300000, script: 30000}}
Session ID: 3c2620a2-829d-439f-928a-455cdbab9f7a
*** Element info: {Using=id, value=ngb-typeahead-2-0}]]>
            </message>
            <full-stacktrace>
              <![CDATA[org.openqa.selenium.NoSuchElementException: Unable to locate element: #ngb\-typeahead\-2\-0
For documentation on this error, please visit: http://seleniumhq.org/exceptions/no_such_element.html
Build info: version: '3.14.0', revision: 'aacccce0', time: '2018-08-02T20:05:20.749Z'
System info: host: 'SHIWASIN-T5X72', ip: '10.65.70.84', os.name: 'Windows 10', os.arch: 'amd64', os.version: '10.0', java.version: '1.8.0_191'
Driver info: org.openqa.selenium.firefox.FirefoxDriver
Capabilities {acceptInsecureCerts: true, browserName: firefox, browserVersion: 59.0.2, javascriptEnabled: true, moz:accessibilityChecks: false, moz:headless: false, moz:processID: 19292, moz:profile: C:\Users\shiwasin.PARTNERS\..., moz:useNonSpecCompliantPointerOrigin: false, moz:webdriverClick: true, pageLoadStrategy: normal, platform: XP, platformName: XP, platformVersion: 10.0, rotatable: false, timeouts: {implicit: 0, pageLoad: 300000, script: 30000}}
Session ID: 3c2620a2-829d-439f-928a-455cdbab9f7a
*** Element info: {Using=id, value=ngb-typeahead-2-0}
	at sun.reflect.NativeConstructorAccessorImpl.newInstance0(Native Method)
	at sun.reflect.NativeConstructorAccessorImpl.newInstance(Unknown Source)
	at sun.reflect.DelegatingConstructorAccessorImpl.newInstance(Unknown Source)
	at java.lang.reflect.Constructor.newInstance(Unknown Source)
	at org.openqa.selenium.remote.http.W3CHttpResponseCodec.createException(W3CHttpResponseCodec.java:187)
	at org.openqa.selenium.remote.http.W3CHttpResponseCodec.decode(W3CHttpResponseCodec.java:122)
	at org.openqa.selenium.remote.http.W3CHttpResponseCodec.decode(W3CHttpResponseCodec.java:49)
	at org.openqa.selenium.remote.HttpCommandExecutor.execute(HttpCommandExecutor.java:158)
	at org.openqa.selenium.remote.service.DriverCommandExecutor.execute(DriverCommandExecutor.java:83)
	at org.openqa.selenium.remote.RemoteWebDriver.execute(RemoteWebDriver.java:548)
	at org.openqa.selenium.remote.RemoteWebDriver.findElement(RemoteWebDriver.java:322)
	at org.openqa.selenium.remote.RemoteWebDriver.findElementById(RemoteWebDriver.java:368)
	at org.openqa.selenium.By$ById.findElement(By.java:188)
	at org.openqa.selenium.remote.RemoteWebDriver.findElement(RemoteWebDriver.java:314)
	at test_report.Advance_Search.Autosearch_with_BU(Advance_Search.java:305)
	at sun.reflect.NativeMethodAccessorImpl.invoke0(Native Method)
	at sun.reflect.NativeMethodAccessorImpl.invoke(Unknown Source)
	at sun.reflect.DelegatingMethodAccessorImpl.invoke(Unknown Source)
	at java.lang.reflect.Method.invoke(Unknown Source)
	at org.testng.internal.MethodInvocationHelper.invokeMethod(MethodInvocationHelper.java:86)
	at org.testng.internal.Invoker.invokeMethod(Invoker.java:645)
	at org.testng.internal.Invoker.invokeTestMethod(Invoker.java:822)
	at org.testng.internal.Invoker.invokeTestMethods(Invoker.java:1130)
	at org.testng.internal.TestMethodWorker.invokeTestMethods(TestMethodWorker.java:129)
	at org.testng.internal.TestMethodWorker.run(TestMethodWorker.java:112)
	at org.testng.TestRunner.privateRun(TestRunner.java:782)
	at org.testng.TestRunner.run(TestRunner.java:632)
	at org.testng.SuiteRunner.runTest(SuiteRunner.java:366)
	at org.testng.SuiteRunner.runSequentially(SuiteRunner.java:361)
	at org.testng.SuiteRunner.privateRun(SuiteRunner.java:319)
	at org.testng.SuiteRunner.run(SuiteRunner.java:268)
	at org.testng.SuiteRunnerWorker.runSuite(SuiteRunnerWorker.java:52)
	at org.testng.SuiteRunnerWorker.run(SuiteRunnerWorker.java:86)
	at org.testng.TestNG.runSuitesSequentially(TestNG.java:1244)
	at org.testng.TestNG.runSuitesLocally(TestNG.java:1169)
	at org.testng.TestNG.run(TestNG.java:1064)
	at org.testng.remote.RemoteTestNG.run(RemoteTestNG.java:113)
	at org.testng.remote.RemoteTestNG.initAndRun(RemoteTestNG.java:206)
	at org.testng.remote.RemoteTestNG.main(RemoteTestNG.java:177)
]]>
            </full-stacktrace>
          </exception> <!-- org.openqa.selenium.NoSuchElementException -->
          <reporter-output>
          </reporter-output>
        </test-method> <!-- Autosearch_with_BU -->
        <test-method status="FAIL" signature="Autosearch_with_PF()[pri:0, instance:test_report.Advance_Search@7006c658]" name="Autosearch_with_PF" duration-ms="85520" started-at="2018-11-26T22:07:06Z" finished-at="2018-11-26T22:08:32Z">
          <exception class="org.openqa.selenium.ElementNotInteractableException">
            <message>
              <![CDATA[Element <input class="ng-untouched ng-pristine" name="Product Family" type="text"> is not reachable by keyboard
Build info: version: '3.14.0', revision: 'aacccce0', time: '2018-08-02T20:05:20.749Z'
System info: host: 'SHIWASIN-T5X72', ip: '10.65.70.84', os.name: 'Windows 10', os.arch: 'amd64', os.version: '10.0', java.version: '1.8.0_191'
Driver info: org.openqa.selenium.firefox.FirefoxDriver
Capabilities {acceptInsecureCerts: true, browserName: firefox, browserVersion: 59.0.2, javascriptEnabled: true, moz:accessibilityChecks: false, moz:headless: false, moz:processID: 21236, moz:profile: C:\Users\shiwasin.PARTNERS\..., moz:useNonSpecCompliantPointerOrigin: false, moz:webdriverClick: true, pageLoadStrategy: normal, platform: XP, platformName: XP, platformVersion: 10.0, rotatable: false, timeouts: {implicit: 0, pageLoad: 300000, script: 30000}}
Session ID: 79f29a70-4914-4f22-9608-ff6933023ae6]]>
            </message>
            <full-stacktrace>
              <![CDATA[org.openqa.selenium.ElementNotInteractableException: Element <input class="ng-untouched ng-pristine" name="Product Family" type="text"> is not reachable by keyboard
Build info: version: '3.14.0', revision: 'aacccce0', time: '2018-08-02T20:05:20.749Z'
System info: host: 'SHIWASIN-T5X72', ip: '10.65.70.84', os.name: 'Windows 10', os.arch: 'amd64', os.version: '10.0', java.version: '1.8.0_191'
Driver info: org.openqa.selenium.firefox.FirefoxDriver
Capabilities {acceptInsecureCerts: true, browserName: firefox, browserVersion: 59.0.2, javascriptEnabled: true, moz:accessibilityChecks: false, moz:headless: false, moz:processID: 21236, moz:profile: C:\Users\shiwasin.PARTNERS\..., moz:useNonSpecCompliantPointerOrigin: false, moz:webdriverClick: true, pageLoadStrategy: normal, platform: XP, platformName: XP, platformVersion: 10.0, rotatable: false, timeouts: {implicit: 0, pageLoad: 300000, script: 30000}}
Session ID: 79f29a70-4914-4f22-9608-ff6933023ae6
	at sun.reflect.NativeConstructorAccessorImpl.newInstance0(Native Method)
	at sun.reflect.NativeConstructorAccessorImpl.newInstance(Unknown Source)
	at sun.reflect.DelegatingConstructorAccessorImpl.newInstance(Unknown Source)
	at java.lang.reflect.Constructor.newInstance(Unknown Source)
	at org.openqa.selenium.remote.http.W3CHttpResponseCodec.createException(W3CHttpResponseCodec.java:187)
	at org.openqa.selenium.remote.http.W3CHttpResponseCodec.decode(W3CHttpResponseCodec.java:122)
	at org.openqa.selenium.remote.http.W3CHttpResponseCodec.decode(W3CHttpResponseCodec.java:49)
	at org.openqa.selenium.remote.HttpCommandExecutor.execute(HttpCommandExecutor.java:158)
	at org.openqa.selenium.remote.service.DriverCommandExecutor.execute(DriverCommandExecutor.java:83)
	at org.openqa.selenium.remote.RemoteWebDriver.execute(RemoteWebDriver.java:548)
	at org.openqa.selenium.remote.RemoteWebElement.execute(RemoteWebElement.java:276)
	at org.openqa.selenium.remote.RemoteWebElement.sendKeys(RemoteWebElement.java:100)
	at test_report.Advance_Search.Autosearch_with_PF(Advance_Search.java:334)
	at sun.reflect.NativeMethodAccessorImpl.invoke0(Native Method)
	at sun.reflect.NativeMethodAccessorImpl.invoke(Unknown Source)
	at sun.reflect.DelegatingMethodAccessorImpl.invoke(Unknown Source)
	at java.lang.reflect.Method.invoke(Unknown Source)
	at org.testng.internal.MethodInvocationHelper.invokeMethod(MethodInvocationHelper.java:86)
	at org.testng.internal.Invoker.invokeMethod(Invoker.java:645)
	at org.testng.internal.Invoker.invokeTestMethod(Invoker.java:822)
	at org.testng.internal.Invoker.invokeTestMethods(Invoker.java:1130)
	at org.testng.internal.TestMethodWorker.invokeTestMethods(TestMethodWorker.java:129)
	at org.testng.internal.TestMethodWorker.run(TestMethodWorker.java:112)
	at org.testng.TestRunner.privateRun(TestRunner.java:782)
	at org.testng.TestRunner.run(TestRunner.java:632)
	at org.testng.SuiteRunner.runTest(SuiteRunner.java:366)
	at org.testng.SuiteRunner.runSequentially(SuiteRunner.java:361)
	at org.testng.SuiteRunner.privateRun(SuiteRunner.java:319)
	at org.testng.SuiteRunner.run(SuiteRunner.java:268)
	at org.testng.SuiteRunnerWorker.runSuite(SuiteRunnerWorker.java:52)
	at org.testng.SuiteRunnerWorker.run(SuiteRunnerWorker.java:86)
	at org.testng.TestNG.runSuitesSequentially(TestNG.java:1244)
	at org.testng.TestNG.runSuitesLocally(TestNG.java:1169)
	at org.testng.TestNG.run(TestNG.java:1064)
	at org.testng.remote.RemoteTestNG.run(RemoteTestNG.java:113)
	at org.testng.remote.RemoteTestNG.initAndRun(RemoteTestNG.java:206)
	at org.testng.remote.RemoteTestNG.main(RemoteTestNG.java:177)
]]>
            </full-stacktrace>
          </exception> <!-- org.openqa.selenium.ElementNotInteractableException -->
          <reporter-output>
          </reporter-output>
        </test-method> <!-- Autosearch_with_PF -->
        <test-method status="PASS" signature="Autosearch_with_TG()[pri:0, instance:test_report.Advance_Search@7006c658]" name="Autosearch_with_TG" duration-ms="80196" started-at="2018-11-26T22:08:32Z" finished-at="2018-11-26T22:09:52Z">
          <reporter-output>
          </reporter-output>
        </test-method> <!-- Autosearch_with_TG -->
        <test-method status="PASS" signature="BU_List_As_per_the_selected_TG()[pri:0, instance:test_report.Advance_Search@7006c658]" name="BU_List_As_per_the_selected_TG" duration-ms="82655" started-at="2018-11-26T22:09:52Z" finished-at="2018-11-26T22:11:15Z">
          <reporter-output>
          </reporter-output>
        </test-method> <!-- BU_List_As_per_the_selected_TG -->
        <test-method status="PASS" signature="BU_is_disabled_with_invalid_TG()[pri:0, instance:test_report.Advance_Search@7006c658]" name="BU_is_disabled_with_invalid_TG" duration-ms="90389" started-at="2018-11-26T22:11:15Z" finished-at="2018-11-26T22:12:45Z">
          <reporter-output>
          </reporter-output>
        </test-method> <!-- BU_is_disabled_with_invalid_TG -->
        <test-method status="PASS" signature="Clear_All_Field_withReset()[pri:0, instance:test_report.Advance_Search@7006c658]" name="Clear_All_Field_withReset" duration-ms="81530" started-at="2018-11-26T22:12:45Z" finished-at="2018-11-26T22:14:07Z">
          <reporter-output>
          </reporter-output>
        </test-method> <!-- Clear_All_Field_withReset -->
        <test-method status="PASS" signature="Default_Parameters_after_Search()[pri:0, instance:test_report.Advance_Search@7006c658]" name="Default_Parameters_after_Search" duration-ms="82045" started-at="2018-11-26T22:14:07Z" finished-at="2018-11-26T22:15:29Z">
          <reporter-output>
          </reporter-output>
        </test-method> <!-- Default_Parameters_after_Search -->
        <test-method status="PASS" signature="Loggin_User_Name_Role()[pri:0, instance:test_report.Advance_Search@7006c658]" name="Loggin_User_Name_Role" duration-ms="57799" started-at="2018-11-26T22:15:29Z" finished-at="2018-11-26T22:16:26Z">
          <reporter-output>
          </reporter-output>
        </test-method> <!-- Loggin_User_Name_Role -->
        <test-method status="PASS" signature="PF_List_As_per_the_selected_BU()[pri:0, instance:test_report.Advance_Search@7006c658]" name="PF_List_As_per_the_selected_BU" duration-ms="84068" started-at="2018-11-26T22:16:26Z" finished-at="2018-11-26T22:17:51Z">
          <reporter-output>
          </reporter-output>
        </test-method> <!-- PF_List_As_per_the_selected_BU -->
        <test-method status="PASS" signature="PF_is_disabled_with_invalid_BU()[pri:0, instance:test_report.Advance_Search@7006c658]" name="PF_is_disabled_with_invalid_BU" duration-ms="96123" started-at="2018-11-26T22:17:51Z" finished-at="2018-11-26T22:19:27Z">
          <reporter-output>
          </reporter-output>
        </test-method> <!-- PF_is_disabled_with_invalid_BU -->
        <test-method status="PASS" signature="PF_is_disabled_with_invalid_TG()[pri:0, instance:test_report.Advance_Search@7006c658]" name="PF_is_disabled_with_invalid_TG" duration-ms="92459" started-at="2018-11-26T22:19:27Z" finished-at="2018-11-26T22:20:59Z">
          <reporter-output>
          </reporter-output>
        </test-method> <!-- PF_is_disabled_with_invalid_TG -->
        <test-method status="PASS" signature="TG_List()[pri:0, instance:test_report.Advance_Search@7006c658]" name="TG_List" duration-ms="93031" started-at="2018-11-26T22:20:59Z" finished-at="2018-11-26T22:22:32Z">
          <reporter-output>
          </reporter-output>
        </test-method> <!-- TG_List -->
        <test-method status="PASS" signature="User_Logout()[pri:0, instance:test_report.Advance_Search@7006c658]" name="User_Logout" duration-ms="60290" started-at="2018-11-26T22:22:32Z" finished-at="2018-11-26T22:23:32Z">
          <reporter-output>
          </reporter-output>
        </test-method> <!-- User_Logout -->
        <test-method status="PASS" signature="User_should_land_on_Home_Page()[pri:0, instance:test_report.Advance_Search@7006c658]" name="User_should_land_on_Home_Page" duration-ms="67775" started-at="2018-11-26T22:23:32Z" finished-at="2018-11-26T22:24:40Z">
          <reporter-output>
          </reporter-output>
        </test-method> <!-- User_should_land_on_Home_Page -->
        <test-method status="PASS" signature="Verify_Basic_Search_should_disable_with_Advance_Search()[pri:0, instance:test_report.Advance_Search@7006c658]" name="Verify_Basic_Search_should_disable_with_Advance_Search" duration-ms="80159" started-at="2018-11-26T22:24:40Z" finished-at="2018-11-26T22:26:00Z">
          <reporter-output>
          </reporter-output>
        </test-method> <!-- Verify_Basic_Search_should_disable_with_Advance_Search -->
        <test-method status="PASS" signature="Verify_Total_No_Offers_WithPictorial_View()[pri:0, instance:test_report.Advance_Search@7006c658]" name="Verify_Total_No_Offers_WithPictorial_View" duration-ms="86081" started-at="2018-11-26T22:26:00Z" finished-at="2018-11-26T22:27:26Z">
          <reporter-output>
          </reporter-output>
        </test-method> <!-- Verify_Total_No_Offers_WithPictorial_View -->
        <test-method status="PASS" signature="Verify_the_Item_type_Count_with_Total_Record()[pri:0, instance:test_report.Advance_Search@7006c658]" name="Verify_the_Item_type_Count_with_Total_Record" duration-ms="94635" started-at="2018-11-26T22:27:26Z" finished-at="2018-11-26T22:29:01Z">
          <reporter-output>
          </reporter-output>
        </test-method> <!-- Verify_the_Item_type_Count_with_Total_Record -->
        <test-method status="PASS" signature="Verify_the_Result_with_TG_BU_PF_Item_type_Prod_Type_Prod_subType()[pri:0, instance:test_report.Advance_Search@7006c658]" name="Verify_the_Result_with_TG_BU_PF_Item_type_Prod_Type_Prod_subType" duration-ms="158606" started-at="2018-11-26T22:29:01Z" finished-at="2018-11-26T22:31:40Z">
          <reporter-output>
          </reporter-output>
        </test-method> <!-- Verify_the_Result_with_TG_BU_PF_Item_type_Prod_Type_Prod_subType -->
        <test-method status="PASS" signature="Verify_total_Count_with_TG_PF_BU()[pri:0, instance:test_report.Advance_Search@7006c658]" name="Verify_total_Count_with_TG_PF_BU" duration-ms="104712" started-at="2018-11-26T22:31:40Z" finished-at="2018-11-26T22:33:24Z">
          <reporter-output>
          </reporter-output>
        </test-method> <!-- Verify_total_Count_with_TG_PF_BU -->
      </class> <!-- test_report.Advance_Search -->
    </test> <!-- Default test -->
  </suite> <!-- Default suite -->
</testng-results>
